{"/home/admin/lingxi-assistant/lingxi-desktop/src/App.vue": {"path":"/home/admin/lingxi-assistant/lingxi-desktop/src/App.vue","statementMap":{"0":{"start":{"line":23,"column":6},"end":{"line":23,"column":null}},"1":{"start":{"line":24,"column":6},"end":{"line":24,"column":null}},"2":{"start":{"line":26,"column":6},"end":{"line":28,"column":null}},"3":{"start":{"line":27,"column":2},"end":{"line":27,"column":null}},"4":{"start":{"line":30,"column":6},"end":{"line":32,"column":null}},"5":{"start":{"line":31,"column":2},"end":{"line":31,"column":null}},"6":{"start":{"line":34,"column":0},"end":{"line":37,"column":null}},"7":{"start":{"line":35,"column":2},"end":{"line":35,"column":null}},"8":{"start":{"line":36,"column":2},"end":{"line":36,"column":null}},"9":{"start":{"line":39,"column":0},"end":{"line":53,"column":null}},"10":{"start":{"line":40,"column":2},"end":{"line":52,"column":null}},"11":{"start":{"line":41,"column":4},"end":{"line":41,"column":null}},"12":{"start":{"line":42,"column":4},"end":{"line":42,"column":null}},"13":{"start":{"line":43,"column":4},"end":{"line":43,"column":null}},"14":{"start":{"line":44,"column":4},"end":{"line":44,"column":null}},"15":{"start":{"line":45,"column":4},"end":{"line":45,"column":null}},"16":{"start":{"line":46,"column":4},"end":{"line":46,"column":null}},"17":{"start":{"line":47,"column":4},"end":{"line":47,"column":null}},"18":{"start":{"line":48,"column":4},"end":{"line":48,"column":null}},"19":{"start":{"line":49,"column":4},"end":{"line":49,"column":null}},"20":{"start":{"line":50,"column":4},"end":{"line":50,"column":null}},"21":{"start":{"line":51,"column":4},"end":{"line":51,"column":null}},"22":{"start":{"line":56,"column":2},"end":{"line":56,"column":null}},"23":{"start":{"line":57,"column":2},"end":{"line":57,"column":null}},"24":{"start":{"line":59,"column":2},"end":{"line":175,"column":null}},"25":{"start":{"line":61,"column":4},"end":{"line":65,"column":null}},"26":{"start":{"line":62,"column":6},"end":{"line":62,"column":null}},"27":{"start":{"line":63,"column":6},"end":{"line":63,"column":null}},"28":{"start":{"line":64,"column":6},"end":{"line":64,"column":null}},"29":{"start":{"line":67,"column":4},"end":{"line":170,"column":null}},"30":{"start":{"line":68,"column":6},"end":{"line":68,"column":null}},"31":{"start":{"line":69,"column":43},"end":{"line":72,"column":null}},"32":{"start":{"line":76,"column":31},"end":{"line":76,"column":null}},"33":{"start":{"line":77,"column":6},"end":{"line":84,"column":null}},"34":{"start":{"line":78,"column":8},"end":{"line":78,"column":null}},"35":{"start":{"line":79,"column":8},"end":{"line":79,"column":null}},"36":{"start":{"line":80,"column":8},"end":{"line":80,"column":null}},"37":{"start":{"line":82,"column":8},"end":{"line":82,"column":null}},"38":{"start":{"line":83,"column":8},"end":{"line":83,"column":null}},"39":{"start":{"line":87,"column":12},"end":{"line":92,"column":null}},"40":{"start":{"line":87,"column":72},"end":{"line":92,"column":8}},"41":{"start":{"line":94,"column":6},"end":{"line":94,"column":null}},"42":{"start":{"line":97,"column":12},"end":{"line":102,"column":null}},"43":{"start":{"line":97,"column":81},"end":{"line":102,"column":8}},"44":{"start":{"line":103,"column":6},"end":{"line":103,"column":null}},"45":{"start":{"line":105,"column":6},"end":{"line":105,"column":null}},"46":{"start":{"line":107,"column":6},"end":{"line":169,"column":null}},"47":{"start":{"line":108,"column":8},"end":{"line":108,"column":null}},"48":{"start":{"line":109,"column":24},"end":{"line":109,"column":null}},"49":{"start":{"line":113,"column":29},"end":{"line":113,"column":null}},"50":{"start":{"line":114,"column":14},"end":{"line":114,"column":null}},"51":{"start":{"line":116,"column":8},"end":{"line":144,"column":null}},"52":{"start":{"line":118,"column":10},"end":{"line":126,"column":null}},"53":{"start":{"line":119,"column":12},"end":{"line":125,"column":null}},"54":{"start":{"line":129,"column":10},"end":{"line":143,"column":null}},"55":{"start":{"line":146,"column":8},"end":{"line":146,"column":null}},"56":{"start":{"line":149,"column":8},"end":{"line":151,"column":null}},"57":{"start":{"line":150,"column":10},"end":{"line":150,"column":null}},"58":{"start":{"line":154,"column":28},"end":{"line":154,"column":null}},"59":{"start":{"line":155,"column":24},"end":{"line":160,"column":null}},"60":{"start":{"line":161,"column":8},"end":{"line":161,"column":null}},"61":{"start":{"line":162,"column":8},"end":{"line":162,"column":null}},"62":{"start":{"line":163,"column":8},"end":{"line":163,"column":null}},"63":{"start":{"line":166,"column":8},"end":{"line":168,"column":null}},"64":{"start":{"line":167,"column":10},"end":{"line":167,"column":null}},"65":{"start":{"line":172,"column":4},"end":{"line":172,"column":null}},"66":{"start":{"line":174,"column":4},"end":{"line":174,"column":null}},"67":{"start":{"line":179,"column":2},"end":{"line":440,"column":null}},"68":{"start":{"line":180,"column":4},"end":{"line":218,"column":null}},"69":{"start":{"line":181,"column":6},"end":{"line":181,"column":null}},"70":{"start":{"line":183,"column":27},"end":{"line":183,"column":null}},"71":{"start":{"line":184,"column":24},"end":{"line":189,"column":null}},"72":{"start":{"line":185,"column":8},"end":{"line":188,"column":null}},"73":{"start":{"line":191,"column":6},"end":{"line":217,"column":null}},"74":{"start":{"line":193,"column":8},"end":{"line":199,"column":null}},"75":{"start":{"line":200,"column":8},"end":{"line":200,"column":null}},"76":{"start":{"line":203,"column":33},"end":{"line":215,"column":null}},"77":{"start":{"line":216,"column":8},"end":{"line":216,"column":null}},"78":{"start":{"line":220,"column":4},"end":{"line":250,"column":null}},"79":{"start":{"line":221,"column":6},"end":{"line":221,"column":null}},"80":{"start":{"line":223,"column":6},"end":{"line":246,"column":null}},"81":{"start":{"line":224,"column":29},"end":{"line":224,"column":null}},"82":{"start":{"line":225,"column":28},"end":{"line":225,"column":null}},"83":{"start":{"line":225,"column":59},"end":{"line":225,"column":96}},"84":{"start":{"line":226,"column":8},"end":{"line":245,"column":null}},"85":{"start":{"line":227,"column":23},"end":{"line":227,"column":null}},"86":{"start":{"line":230,"column":10},"end":{"line":235,"column":null}},"87":{"start":{"line":231,"column":12},"end":{"line":234,"column":null}},"88":{"start":{"line":231,"column":49},"end":{"line":234,"column":14}},"89":{"start":{"line":237,"column":10},"end":{"line":243,"column":null}},"90":{"start":{"line":244,"column":10},"end":{"line":244,"column":null}},"91":{"start":{"line":249,"column":6},"end":{"line":249,"column":null}},"92":{"start":{"line":252,"column":4},"end":{"line":271,"column":null}},"93":{"start":{"line":253,"column":6},"end":{"line":253,"column":null}},"94":{"start":{"line":255,"column":27},"end":{"line":255,"column":null}},"95":{"start":{"line":256,"column":26},"end":{"line":256,"column":null}},"96":{"start":{"line":256,"column":57},"end":{"line":256,"column":94}},"97":{"start":{"line":257,"column":6},"end":{"line":270,"column":null}},"98":{"start":{"line":258,"column":8},"end":{"line":262,"column":null}},"99":{"start":{"line":263,"column":8},"end":{"line":267,"column":null}},"100":{"start":{"line":264,"column":10},"end":{"line":264,"column":null}},"101":{"start":{"line":266,"column":10},"end":{"line":266,"column":null}},"102":{"start":{"line":269,"column":8},"end":{"line":269,"column":null}},"103":{"start":{"line":273,"column":4},"end":{"line":311,"column":null}},"104":{"start":{"line":274,"column":27},"end":{"line":274,"column":null}},"105":{"start":{"line":275,"column":26},"end":{"line":275,"column":null}},"106":{"start":{"line":275,"column":57},"end":{"line":275,"column":94}},"107":{"start":{"line":276,"column":6},"end":{"line":310,"column":null}},"108":{"start":{"line":277,"column":21},"end":{"line":277,"column":null}},"109":{"start":{"line":278,"column":24},"end":{"line":278,"column":null}},"110":{"start":{"line":279,"column":26},"end":{"line":279,"column":null}},"111":{"start":{"line":281,"column":8},"end":{"line":307,"column":null}},"112":{"start":{"line":282,"column":10},"end":{"line":284,"column":null}},"113":{"start":{"line":283,"column":12},"end":{"line":283,"column":null}},"114":{"start":{"line":285,"column":10},"end":{"line":285,"column":null}},"115":{"start":{"line":286,"column":10},"end":{"line":286,"column":null}},"116":{"start":{"line":288,"column":10},"end":{"line":290,"column":null}},"117":{"start":{"line":289,"column":12},"end":{"line":289,"column":null}},"118":{"start":{"line":292,"column":34},"end":{"line":292,"column":null}},"119":{"start":{"line":294,"column":10},"end":{"line":301,"column":null}},"120":{"start":{"line":295,"column":12},"end":{"line":300,"column":null}},"121":{"start":{"line":303,"column":10},"end":{"line":305,"column":null}},"122":{"start":{"line":304,"column":12},"end":{"line":304,"column":null}},"123":{"start":{"line":306,"column":10},"end":{"line":306,"column":null}},"124":{"start":{"line":309,"column":8},"end":{"line":309,"column":null}},"125":{"start":{"line":313,"column":4},"end":{"line":335,"column":null}},"126":{"start":{"line":314,"column":6},"end":{"line":314,"column":null}},"127":{"start":{"line":316,"column":27},"end":{"line":316,"column":null}},"128":{"start":{"line":317,"column":26},"end":{"line":317,"column":null}},"129":{"start":{"line":317,"column":57},"end":{"line":317,"column":94}},"130":{"start":{"line":318,"column":6},"end":{"line":334,"column":null}},"131":{"start":{"line":319,"column":21},"end":{"line":319,"column":null}},"132":{"start":{"line":320,"column":8},"end":{"line":320,"column":null}},"133":{"start":{"line":323,"column":8},"end":{"line":331,"column":null}},"134":{"start":{"line":325,"column":28},"end":{"line":325,"column":null}},"135":{"start":{"line":328,"column":10},"end":{"line":330,"column":null}},"136":{"start":{"line":329,"column":12},"end":{"line":329,"column":null}},"137":{"start":{"line":333,"column":8},"end":{"line":333,"column":null}},"138":{"start":{"line":337,"column":4},"end":{"line":349,"column":null}},"139":{"start":{"line":338,"column":6},"end":{"line":338,"column":null}},"140":{"start":{"line":339,"column":27},"end":{"line":339,"column":null}},"141":{"start":{"line":340,"column":26},"end":{"line":340,"column":null}},"142":{"start":{"line":340,"column":57},"end":{"line":340,"column":94}},"143":{"start":{"line":341,"column":6},"end":{"line":348,"column":null}},"144":{"start":{"line":342,"column":8},"end":{"line":346,"column":null}},"145":{"start":{"line":347,"column":8},"end":{"line":347,"column":null}},"146":{"start":{"line":351,"column":4},"end":{"line":363,"column":null}},"147":{"start":{"line":352,"column":6},"end":{"line":352,"column":null}},"148":{"start":{"line":353,"column":27},"end":{"line":353,"column":null}},"149":{"start":{"line":354,"column":26},"end":{"line":354,"column":null}},"150":{"start":{"line":354,"column":57},"end":{"line":354,"column":94}},"151":{"start":{"line":355,"column":6},"end":{"line":362,"column":null}},"152":{"start":{"line":356,"column":8},"end":{"line":360,"column":null}},"153":{"start":{"line":361,"column":8},"end":{"line":361,"column":null}},"154":{"start":{"line":365,"column":4},"end":{"line":399,"column":null}},"155":{"start":{"line":366,"column":6},"end":{"line":366,"column":null}},"156":{"start":{"line":368,"column":27},"end":{"line":368,"column":null}},"157":{"start":{"line":369,"column":26},"end":{"line":369,"column":null}},"158":{"start":{"line":369,"column":57},"end":{"line":369,"column":94}},"159":{"start":{"line":370,"column":6},"end":{"line":398,"column":null}},"160":{"start":{"line":371,"column":8},"end":{"line":373,"column":null}},"161":{"start":{"line":372,"column":10},"end":{"line":372,"column":null}},"162":{"start":{"line":375,"column":26},"end":{"line":375,"column":null}},"163":{"start":{"line":376,"column":34},"end":{"line":376,"column":null}},"164":{"start":{"line":376,"column":84},"end":{"line":376,"column":113}},"165":{"start":{"line":378,"column":8},"end":{"line":395,"column":null}},"166":{"start":{"line":380,"column":10},"end":{"line":383,"column":null}},"167":{"start":{"line":386,"column":10},"end":{"line":391,"column":null}},"168":{"start":{"line":394,"column":10},"end":{"line":394,"column":null}},"169":{"start":{"line":394,"column":51},"end":{"line":394,"column":98}},"170":{"start":{"line":397,"column":8},"end":{"line":397,"column":null}},"171":{"start":{"line":401,"column":4},"end":{"line":423,"column":null}},"172":{"start":{"line":402,"column":6},"end":{"line":402,"column":null}},"173":{"start":{"line":404,"column":27},"end":{"line":404,"column":null}},"174":{"start":{"line":405,"column":26},"end":{"line":405,"column":null}},"175":{"start":{"line":405,"column":57},"end":{"line":405,"column":94}},"176":{"start":{"line":406,"column":6},"end":{"line":422,"column":null}},"177":{"start":{"line":407,"column":26},"end":{"line":407,"column":null}},"178":{"start":{"line":408,"column":8},"end":{"line":420,"column":null}},"179":{"start":{"line":410,"column":26},"end":{"line":410,"column":null}},"180":{"start":{"line":412,"column":10},"end":{"line":419,"column":null}},"181":{"start":{"line":421,"column":8},"end":{"line":421,"column":null}},"182":{"start":{"line":425,"column":4},"end":{"line":439,"column":null}},"183":{"start":{"line":426,"column":6},"end":{"line":426,"column":null}},"184":{"start":{"line":428,"column":27},"end":{"line":428,"column":null}},"185":{"start":{"line":429,"column":26},"end":{"line":429,"column":null}},"186":{"start":{"line":429,"column":57},"end":{"line":429,"column":94}},"187":{"start":{"line":430,"column":6},"end":{"line":438,"column":null}},"188":{"start":{"line":431,"column":8},"end":{"line":436,"column":null}},"189":{"start":{"line":437,"column":8},"end":{"line":437,"column":null}},"190":{"start":{"line":2,"column":2},"end":{"line":8,"column":null}}},"fnMap":{"0":{"name":"(anonymous_0)","decl":{"start":{"line":26,"column":30},"end":{"line":26,"column":36}},"loc":{"start":{"line":26,"column":36},"end":{"line":28,"column":1}},"line":26},"1":{"name":"(anonymous_1)","decl":{"start":{"line":30,"column":35},"end":{"line":30,"column":41}},"loc":{"start":{"line":30,"column":41},"end":{"line":32,"column":1}},"line":30},"2":{"name":"(anonymous_2)","decl":{"start":{"line":34,"column":10},"end":{"line":34,"column":22}},"loc":{"start":{"line":34,"column":22},"end":{"line":37,"column":1}},"line":34},"3":{"name":"(anonymous_3)","decl":{"start":{"line":39,"column":12},"end":{"line":39,"column":18}},"loc":{"start":{"line":39,"column":18},"end":{"line":53,"column":1}},"line":39},"4":{"name":"initializeApp","decl":{"start":{"line":55,"column":15},"end":{"line":55,"column":31}},"loc":{"start":{"line":55,"column":31},"end":{"line":176,"column":null}},"line":55},"5":{"name":"(anonymous_5)","decl":{"start":{"line":87,"column":53},"end":{"line":87,"column":54}},"loc":{"start":{"line":87,"column":72},"end":{"line":92,"column":8}},"line":87},"6":{"name":"(anonymous_6)","decl":{"start":{"line":97,"column":59},"end":{"line":97,"column":60}},"loc":{"start":{"line":97,"column":81},"end":{"line":102,"column":8}},"line":97},"7":{"name":"(anonymous_7)","decl":{"start":{"line":116,"column":28},"end":{"line":116,"column":29}},"loc":{"start":{"line":116,"column":62},"end":{"line":144,"column":9}},"line":116},"8":{"name":"setupWebSocketListeners","decl":{"start":{"line":178,"column":9},"end":{"line":178,"column":35}},"loc":{"start":{"line":178,"column":35},"end":{"line":441,"column":null}},"line":178},"9":{"name":"(anonymous_9)","decl":{"start":{"line":180,"column":38},"end":{"line":180,"column":39}},"loc":{"start":{"line":180,"column":48},"end":{"line":218,"column":5}},"line":180},"10":{"name":"(anonymous_10)","decl":{"start":{"line":184,"column":47},"end":{"line":184,"column":null}},"loc":{"start":{"line":185,"column":8},"end":{"line":188,"column":null}},"line":185},"11":{"name":"(anonymous_11)","decl":{"start":{"line":220,"column":36},"end":{"line":220,"column":37}},"loc":{"start":{"line":220,"column":46},"end":{"line":250,"column":5}},"line":220},"12":{"name":"(anonymous_12)","decl":{"start":{"line":225,"column":51},"end":{"line":225,"column":59}},"loc":{"start":{"line":225,"column":59},"end":{"line":225,"column":96}},"line":225},"13":{"name":"(anonymous_13)","decl":{"start":{"line":231,"column":40},"end":{"line":231,"column":49}},"loc":{"start":{"line":231,"column":49},"end":{"line":234,"column":14}},"line":231},"14":{"name":"(anonymous_14)","decl":{"start":{"line":252,"column":39},"end":{"line":252,"column":40}},"loc":{"start":{"line":252,"column":49},"end":{"line":271,"column":5}},"line":252},"15":{"name":"(anonymous_15)","decl":{"start":{"line":256,"column":49},"end":{"line":256,"column":57}},"loc":{"start":{"line":256,"column":57},"end":{"line":256,"column":94}},"line":256},"16":{"name":"(anonymous_16)","decl":{"start":{"line":273,"column":40},"end":{"line":273,"column":41}},"loc":{"start":{"line":273,"column":50},"end":{"line":311,"column":5}},"line":273},"17":{"name":"(anonymous_17)","decl":{"start":{"line":275,"column":49},"end":{"line":275,"column":57}},"loc":{"start":{"line":275,"column":57},"end":{"line":275,"column":94}},"line":275},"18":{"name":"(anonymous_18)","decl":{"start":{"line":313,"column":39},"end":{"line":313,"column":40}},"loc":{"start":{"line":313,"column":49},"end":{"line":335,"column":5}},"line":313},"19":{"name":"(anonymous_19)","decl":{"start":{"line":317,"column":49},"end":{"line":317,"column":57}},"loc":{"start":{"line":317,"column":57},"end":{"line":317,"column":94}},"line":317},"20":{"name":"(anonymous_20)","decl":{"start":{"line":337,"column":38},"end":{"line":337,"column":39}},"loc":{"start":{"line":337,"column":48},"end":{"line":349,"column":5}},"line":337},"21":{"name":"(anonymous_21)","decl":{"start":{"line":340,"column":49},"end":{"line":340,"column":57}},"loc":{"start":{"line":340,"column":57},"end":{"line":340,"column":94}},"line":340},"22":{"name":"(anonymous_22)","decl":{"start":{"line":351,"column":38},"end":{"line":351,"column":39}},"loc":{"start":{"line":351,"column":48},"end":{"line":363,"column":5}},"line":351},"23":{"name":"(anonymous_23)","decl":{"start":{"line":354,"column":49},"end":{"line":354,"column":57}},"loc":{"start":{"line":354,"column":57},"end":{"line":354,"column":94}},"line":354},"24":{"name":"(anonymous_24)","decl":{"start":{"line":365,"column":38},"end":{"line":365,"column":39}},"loc":{"start":{"line":365,"column":48},"end":{"line":399,"column":5}},"line":365},"25":{"name":"(anonymous_25)","decl":{"start":{"line":369,"column":49},"end":{"line":369,"column":57}},"loc":{"start":{"line":369,"column":57},"end":{"line":369,"column":94}},"line":369},"26":{"name":"(anonymous_26)","decl":{"start":{"line":376,"column":76},"end":{"line":376,"column":84}},"loc":{"start":{"line":376,"column":84},"end":{"line":376,"column":113}},"line":376},"27":{"name":"(anonymous_27)","decl":{"start":{"line":394,"column":47},"end":{"line":394,"column":48}},"loc":{"start":{"line":394,"column":51},"end":{"line":394,"column":98}},"line":394},"28":{"name":"(anonymous_28)","decl":{"start":{"line":401,"column":36},"end":{"line":401,"column":37}},"loc":{"start":{"line":401,"column":46},"end":{"line":423,"column":5}},"line":401},"29":{"name":"(anonymous_29)","decl":{"start":{"line":405,"column":49},"end":{"line":405,"column":57}},"loc":{"start":{"line":405,"column":57},"end":{"line":405,"column":94}},"line":405},"30":{"name":"(anonymous_30)","decl":{"start":{"line":425,"column":39},"end":{"line":425,"column":40}},"loc":{"start":{"line":425,"column":49},"end":{"line":439,"column":5}},"line":425},"31":{"name":"(anonymous_31)","decl":{"start":{"line":429,"column":49},"end":{"line":429,"column":57}},"loc":{"start":{"line":429,"column":57},"end":{"line":429,"column":94}},"line":429}},"branchMap":{"0":{"loc":{"start":{"line":27,"column":9},"end":{"line":27,"column":null}},"type":"binary-expr","locations":[{"start":{"line":27,"column":9},"end":{"line":27,"column":54}},{"start":{"line":27,"column":54},"end":{"line":27,"column":null}}],"line":27},"1":{"loc":{"start":{"line":40,"column":2},"end":{"line":52,"column":null}},"type":"if","locations":[{"start":{"line":40,"column":2},"end":{"line":52,"column":null}},{"start":{},"end":{}}],"line":40},"2":{"loc":{"start":{"line":61,"column":4},"end":{"line":65,"column":null}},"type":"if","locations":[{"start":{"line":61,"column":4},"end":{"line":65,"column":null}},{"start":{},"end":{}}],"line":61},"3":{"loc":{"start":{"line":67,"column":4},"end":{"line":170,"column":null}},"type":"if","locations":[{"start":{"line":67,"column":4},"end":{"line":170,"column":null}},{"start":{},"end":{}}],"line":67},"4":{"loc":{"start":{"line":77,"column":6},"end":{"line":84,"column":null}},"type":"if","locations":[{"start":{"line":77,"column":6},"end":{"line":84,"column":null}},{"start":{"line":81,"column":13},"end":{"line":84,"column":null}}],"line":77},"5":{"loc":{"start":{"line":80,"column":19},"end":{"line":80,"column":null}},"type":"binary-expr","locations":[{"start":{"line":80,"column":19},"end":{"line":80,"column":40}},{"start":{"line":80,"column":40},"end":{"line":80,"column":null}}],"line":80},"6":{"loc":{"start":{"line":87,"column":33},"end":{"line":87,"column":49}},"type":"binary-expr","locations":[{"start":{"line":87,"column":33},"end":{"line":87,"column":45}},{"start":{"line":87,"column":45},"end":{"line":87,"column":49}}],"line":87},"7":{"loc":{"start":{"line":88,"column":12},"end":{"line":88,"column":null}},"type":"binary-expr","locations":[{"start":{"line":88,"column":12},"end":{"line":88,"column":34}},{"start":{"line":88,"column":34},"end":{"line":88,"column":null}}],"line":88},"8":{"loc":{"start":{"line":89,"column":14},"end":{"line":89,"column":null}},"type":"binary-expr","locations":[{"start":{"line":89,"column":14},"end":{"line":89,"column":31}},{"start":{"line":89,"column":31},"end":{"line":89,"column":47}},{"start":{"line":89,"column":47},"end":{"line":89,"column":null}}],"line":89},"9":{"loc":{"start":{"line":90,"column":19},"end":{"line":90,"column":null}},"type":"cond-expr","locations":[{"start":{"line":90,"column":40},"end":{"line":90,"column":81}},{"start":{"line":90,"column":81},"end":{"line":90,"column":null}}],"line":90},"10":{"loc":{"start":{"line":91,"column":19},"end":{"line":91,"column":null}},"type":"cond-expr","locations":[{"start":{"line":91,"column":40},"end":{"line":91,"column":81}},{"start":{"line":91,"column":81},"end":{"line":91,"column":null}}],"line":91},"11":{"loc":{"start":{"line":97,"column":36},"end":{"line":97,"column":55}},"type":"binary-expr","locations":[{"start":{"line":97,"column":36},"end":{"line":97,"column":51}},{"start":{"line":97,"column":51},"end":{"line":97,"column":55}}],"line":97},"12":{"loc":{"start":{"line":100,"column":14},"end":{"line":100,"column":null}},"type":"binary-expr","locations":[{"start":{"line":100,"column":14},"end":{"line":100,"column":40}},{"start":{"line":100,"column":40},"end":{"line":100,"column":null}}],"line":100},"13":{"loc":{"start":{"line":101,"column":19},"end":{"line":101,"column":null}},"type":"binary-expr","locations":[{"start":{"line":101,"column":19},"end":{"line":101,"column":44}},{"start":{"line":101,"column":44},"end":{"line":101,"column":null}}],"line":101},"14":{"loc":{"start":{"line":107,"column":6},"end":{"line":169,"column":null}},"type":"if","locations":[{"start":{"line":107,"column":6},"end":{"line":169,"column":null}},{"start":{"line":152,"column":13},"end":{"line":169,"column":null}}],"line":107},"15":{"loc":{"start":{"line":107,"column":10},"end":{"line":107,"column":61}},"type":"binary-expr","locations":[{"start":{"line":107,"column":10},"end":{"line":107,"column":31}},{"start":{"line":107,"column":31},"end":{"line":107,"column":61}}],"line":107},"16":{"loc":{"start":{"line":114,"column":29},"end":{"line":114,"column":44}},"type":"binary-expr","locations":[{"start":{"line":114,"column":29},"end":{"line":114,"column":40}},{"start":{"line":114,"column":40},"end":{"line":114,"column":44}}],"line":114},"17":{"loc":{"start":{"line":118,"column":10},"end":{"line":126,"column":null}},"type":"if","locations":[{"start":{"line":118,"column":10},"end":{"line":126,"column":null}},{"start":{},"end":{}}],"line":118},"18":{"loc":{"start":{"line":123,"column":25},"end":{"line":123,"column":null}},"type":"cond-expr","locations":[{"start":{"line":123,"column":43},"end":{"line":123,"column":81}},{"start":{"line":123,"column":81},"end":{"line":123,"column":null}}],"line":123},"19":{"loc":{"start":{"line":124,"column":20},"end":{"line":124,"column":null}},"type":"cond-expr","locations":[{"start":{"line":124,"column":38},"end":{"line":124,"column":76}},{"start":{"line":124,"column":76},"end":{"line":124,"column":null}}],"line":124},"20":{"loc":{"start":{"line":132,"column":21},"end":{"line":132,"column":null}},"type":"binary-expr","locations":[{"start":{"line":132,"column":21},"end":{"line":132,"column":36}},{"start":{"line":132,"column":36},"end":{"line":132,"column":null}}],"line":132},"21":{"loc":{"start":{"line":133,"column":23},"end":{"line":133,"column":null}},"type":"cond-expr","locations":[{"start":{"line":133,"column":41},"end":{"line":133,"column":79}},{"start":{"line":133,"column":79},"end":{"line":133,"column":null}}],"line":133},"22":{"loc":{"start":{"line":134,"column":18},"end":{"line":134,"column":null}},"type":"cond-expr","locations":[{"start":{"line":134,"column":36},"end":{"line":134,"column":74}},{"start":{"line":134,"column":74},"end":{"line":134,"column":null}}],"line":134},"23":{"loc":{"start":{"line":135,"column":19},"end":{"line":135,"column":null}},"type":"binary-expr","locations":[{"start":{"line":135,"column":19},"end":{"line":135,"column":33}},{"start":{"line":135,"column":33},"end":{"line":135,"column":null}}],"line":135},"24":{"loc":{"start":{"line":136,"column":21},"end":{"line":136,"column":null}},"type":"binary-expr","locations":[{"start":{"line":136,"column":21},"end":{"line":136,"column":37}},{"start":{"line":136,"column":37},"end":{"line":136,"column":null}}],"line":136},"25":{"loc":{"start":{"line":137,"column":27},"end":{"line":137,"column":null}},"type":"binary-expr","locations":[{"start":{"line":137,"column":27},"end":{"line":137,"column":49}},{"start":{"line":137,"column":49},"end":{"line":137,"column":null}}],"line":137},"26":{"loc":{"start":{"line":138,"column":18},"end":{"line":138,"column":null}},"type":"binary-expr","locations":[{"start":{"line":138,"column":18},"end":{"line":138,"column":31}},{"start":{"line":138,"column":31},"end":{"line":138,"column":null}}],"line":138},"27":{"loc":{"start":{"line":139,"column":25},"end":{"line":139,"column":null}},"type":"binary-expr","locations":[{"start":{"line":139,"column":25},"end":{"line":139,"column":41}},{"start":{"line":139,"column":41},"end":{"line":139,"column":null}}],"line":139},"28":{"loc":{"start":{"line":140,"column":20},"end":{"line":140,"column":null}},"type":"binary-expr","locations":[{"start":{"line":140,"column":20},"end":{"line":140,"column":35}},{"start":{"line":140,"column":35},"end":{"line":140,"column":null}}],"line":140},"29":{"loc":{"start":{"line":142,"column":23},"end":{"line":142,"column":null}},"type":"binary-expr","locations":[{"start":{"line":142,"column":23},"end":{"line":142,"column":42}},{"start":{"line":142,"column":42},"end":{"line":142,"column":null}}],"line":142},"30":{"loc":{"start":{"line":149,"column":8},"end":{"line":151,"column":null}},"type":"if","locations":[{"start":{"line":149,"column":8},"end":{"line":151,"column":null}},{"start":{},"end":{}}],"line":149},"31":{"loc":{"start":{"line":157,"column":16},"end":{"line":157,"column":null}},"type":"binary-expr","locations":[{"start":{"line":157,"column":16},"end":{"line":157,"column":45}},{"start":{"line":157,"column":45},"end":{"line":157,"column":null}}],"line":157},"32":{"loc":{"start":{"line":166,"column":8},"end":{"line":168,"column":null}},"type":"if","locations":[{"start":{"line":166,"column":8},"end":{"line":168,"column":null}},{"start":{},"end":{}}],"line":166},"33":{"loc":{"start":{"line":179,"column":2},"end":{"line":440,"column":null}},"type":"if","locations":[{"start":{"line":179,"column":2},"end":{"line":440,"column":null}},{"start":{},"end":{}}],"line":179},"34":{"loc":{"start":{"line":185,"column":8},"end":{"line":188,"column":null}},"type":"binary-expr","locations":[{"start":{"line":185,"column":8},"end":{"line":185,"column":null}},{"start":{"line":186,"column":8},"end":{"line":186,"column":null}},{"start":{"line":187,"column":8},"end":{"line":187,"column":null}},{"start":{"line":188,"column":8},"end":{"line":188,"column":null}}],"line":185},"35":{"loc":{"start":{"line":191,"column":6},"end":{"line":217,"column":null}},"type":"if","locations":[{"start":{"line":191,"column":6},"end":{"line":217,"column":null}},{"start":{"line":201,"column":13},"end":{"line":217,"column":null}}],"line":191},"36":{"loc":{"start":{"line":198,"column":21},"end":{"line":198,"column":null}},"type":"binary-expr","locations":[{"start":{"line":198,"column":21},"end":{"line":198,"column":40}},{"start":{"line":198,"column":40},"end":{"line":198,"column":null}}],"line":198},"37":{"loc":{"start":{"line":204,"column":27},"end":{"line":204,"column":57}},"type":"binary-expr","locations":[{"start":{"line":204,"column":27},"end":{"line":204,"column":47}},{"start":{"line":204,"column":47},"end":{"line":204,"column":57}}],"line":204},"38":{"loc":{"start":{"line":214,"column":21},"end":{"line":214,"column":null}},"type":"binary-expr","locations":[{"start":{"line":214,"column":21},"end":{"line":214,"column":40}},{"start":{"line":214,"column":40},"end":{"line":214,"column":null}}],"line":214},"39":{"loc":{"start":{"line":223,"column":6},"end":{"line":246,"column":null}},"type":"if","locations":[{"start":{"line":223,"column":6},"end":{"line":246,"column":null}},{"start":{},"end":{}}],"line":223},"40":{"loc":{"start":{"line":226,"column":8},"end":{"line":245,"column":null}},"type":"if","locations":[{"start":{"line":226,"column":8},"end":{"line":245,"column":null}},{"start":{},"end":{}}],"line":226},"41":{"loc":{"start":{"line":230,"column":10},"end":{"line":235,"column":null}},"type":"if","locations":[{"start":{"line":230,"column":10},"end":{"line":235,"column":null}},{"start":{},"end":{}}],"line":230},"42":{"loc":{"start":{"line":257,"column":6},"end":{"line":270,"column":null}},"type":"if","locations":[{"start":{"line":257,"column":6},"end":{"line":270,"column":null}},{"start":{},"end":{}}],"line":257},"43":{"loc":{"start":{"line":263,"column":8},"end":{"line":267,"column":null}},"type":"if","locations":[{"start":{"line":263,"column":8},"end":{"line":267,"column":null}},{"start":{"line":265,"column":15},"end":{"line":267,"column":null}}],"line":263},"44":{"loc":{"start":{"line":276,"column":6},"end":{"line":310,"column":null}},"type":"if","locations":[{"start":{"line":276,"column":6},"end":{"line":310,"column":null}},{"start":{},"end":{}}],"line":276},"45":{"loc":{"start":{"line":278,"column":24},"end":{"line":278,"column":null}},"type":"binary-expr","locations":[{"start":{"line":278,"column":24},"end":{"line":278,"column":56}},{"start":{"line":278,"column":56},"end":{"line":278,"column":72}},{"start":{"line":278,"column":72},"end":{"line":278,"column":null}}],"line":278},"46":{"loc":{"start":{"line":279,"column":26},"end":{"line":279,"column":null}},"type":"binary-expr","locations":[{"start":{"line":279,"column":26},"end":{"line":279,"column":45}},{"start":{"line":279,"column":45},"end":{"line":279,"column":null}}],"line":279},"47":{"loc":{"start":{"line":281,"column":8},"end":{"line":307,"column":null}},"type":"if","locations":[{"start":{"line":281,"column":8},"end":{"line":307,"column":null}},{"start":{"line":287,"column":15},"end":{"line":307,"column":null}}],"line":281},"48":{"loc":{"start":{"line":282,"column":10},"end":{"line":284,"column":null}},"type":"if","locations":[{"start":{"line":282,"column":10},"end":{"line":284,"column":null}},{"start":{},"end":{}}],"line":282},"49":{"loc":{"start":{"line":288,"column":10},"end":{"line":290,"column":null}},"type":"if","locations":[{"start":{"line":288,"column":10},"end":{"line":290,"column":null}},{"start":{},"end":{}}],"line":288},"50":{"loc":{"start":{"line":292,"column":34},"end":{"line":292,"column":null}},"type":"binary-expr","locations":[{"start":{"line":292,"column":34},"end":{"line":292,"column":47}},{"start":{"line":292,"column":47},"end":{"line":292,"column":null}}],"line":292},"51":{"loc":{"start":{"line":294,"column":10},"end":{"line":301,"column":null}},"type":"if","locations":[{"start":{"line":294,"column":10},"end":{"line":301,"column":null}},{"start":{},"end":{}}],"line":294},"52":{"loc":{"start":{"line":303,"column":10},"end":{"line":305,"column":null}},"type":"if","locations":[{"start":{"line":303,"column":10},"end":{"line":305,"column":null}},{"start":{},"end":{}}],"line":303},"53":{"loc":{"start":{"line":318,"column":6},"end":{"line":334,"column":null}},"type":"if","locations":[{"start":{"line":318,"column":6},"end":{"line":334,"column":null}},{"start":{},"end":{}}],"line":318},"54":{"loc":{"start":{"line":323,"column":8},"end":{"line":331,"column":null}},"type":"if","locations":[{"start":{"line":323,"column":8},"end":{"line":331,"column":null}},{"start":{},"end":{}}],"line":323},"55":{"loc":{"start":{"line":325,"column":28},"end":{"line":325,"column":null}},"type":"binary-expr","locations":[{"start":{"line":325,"column":28},"end":{"line":325,"column":47}},{"start":{"line":325,"column":47},"end":{"line":325,"column":null}}],"line":325},"56":{"loc":{"start":{"line":328,"column":10},"end":{"line":330,"column":null}},"type":"if","locations":[{"start":{"line":328,"column":10},"end":{"line":330,"column":null}},{"start":{},"end":{}}],"line":328},"57":{"loc":{"start":{"line":329,"column":44},"end":{"line":329,"column":null}},"type":"binary-expr","locations":[{"start":{"line":329,"column":44},"end":{"line":329,"column":60}},{"start":{"line":329,"column":60},"end":{"line":329,"column":null}}],"line":329},"58":{"loc":{"start":{"line":341,"column":6},"end":{"line":348,"column":null}},"type":"if","locations":[{"start":{"line":341,"column":6},"end":{"line":348,"column":null}},{"start":{},"end":{}}],"line":341},"59":{"loc":{"start":{"line":355,"column":6},"end":{"line":362,"column":null}},"type":"if","locations":[{"start":{"line":355,"column":6},"end":{"line":362,"column":null}},{"start":{},"end":{}}],"line":355},"60":{"loc":{"start":{"line":359,"column":16},"end":{"line":359,"column":null}},"type":"binary-expr","locations":[{"start":{"line":359,"column":16},"end":{"line":359,"column":29}},{"start":{"line":359,"column":29},"end":{"line":359,"column":null}}],"line":359},"61":{"loc":{"start":{"line":370,"column":6},"end":{"line":398,"column":null}},"type":"if","locations":[{"start":{"line":370,"column":6},"end":{"line":398,"column":null}},{"start":{},"end":{}}],"line":370},"62":{"loc":{"start":{"line":371,"column":8},"end":{"line":373,"column":null}},"type":"if","locations":[{"start":{"line":371,"column":8},"end":{"line":373,"column":null}},{"start":{},"end":{}}],"line":371},"63":{"loc":{"start":{"line":375,"column":26},"end":{"line":375,"column":null}},"type":"binary-expr","locations":[{"start":{"line":375,"column":26},"end":{"line":375,"column":45}},{"start":{"line":375,"column":45},"end":{"line":375,"column":null}}],"line":375},"64":{"loc":{"start":{"line":378,"column":8},"end":{"line":395,"column":null}},"type":"if","locations":[{"start":{"line":378,"column":8},"end":{"line":395,"column":null}},{"start":{"line":384,"column":15},"end":{"line":395,"column":null}}],"line":378},"65":{"loc":{"start":{"line":394,"column":58},"end":{"line":394,"column":80}},"type":"binary-expr","locations":[{"start":{"line":394,"column":58},"end":{"line":394,"column":74}},{"start":{"line":394,"column":74},"end":{"line":394,"column":80}}],"line":394},"66":{"loc":{"start":{"line":394,"column":80},"end":{"line":394,"column":98}},"type":"binary-expr","locations":[{"start":{"line":394,"column":80},"end":{"line":394,"column":96}},{"start":{"line":394,"column":96},"end":{"line":394,"column":98}}],"line":394},"67":{"loc":{"start":{"line":406,"column":6},"end":{"line":422,"column":null}},"type":"if","locations":[{"start":{"line":406,"column":6},"end":{"line":422,"column":null}},{"start":{},"end":{}}],"line":406},"68":{"loc":{"start":{"line":406,"column":10},"end":{"line":406,"column":65}},"type":"binary-expr","locations":[{"start":{"line":406,"column":10},"end":{"line":406,"column":32}},{"start":{"line":406,"column":32},"end":{"line":406,"column":65}}],"line":406},"69":{"loc":{"start":{"line":407,"column":26},"end":{"line":407,"column":null}},"type":"binary-expr","locations":[{"start":{"line":407,"column":26},"end":{"line":407,"column":45}},{"start":{"line":407,"column":45},"end":{"line":407,"column":null}}],"line":407},"70":{"loc":{"start":{"line":408,"column":8},"end":{"line":420,"column":null}},"type":"if","locations":[{"start":{"line":408,"column":8},"end":{"line":420,"column":null}},{"start":{},"end":{}}],"line":408},"71":{"loc":{"start":{"line":410,"column":26},"end":{"line":410,"column":null}},"type":"binary-expr","locations":[{"start":{"line":410,"column":26},"end":{"line":410,"column":42}},{"start":{"line":410,"column":42},"end":{"line":410,"column":null}}],"line":410},"72":{"loc":{"start":{"line":415,"column":25},"end":{"line":415,"column":null}},"type":"binary-expr","locations":[{"start":{"line":415,"column":25},"end":{"line":415,"column":45}},{"start":{"line":415,"column":45},"end":{"line":415,"column":null}}],"line":415},"73":{"loc":{"start":{"line":416,"column":20},"end":{"line":416,"column":null}},"type":"binary-expr","locations":[{"start":{"line":416,"column":20},"end":{"line":416,"column":35}},{"start":{"line":416,"column":35},"end":{"line":416,"column":null}}],"line":416},"74":{"loc":{"start":{"line":430,"column":6},"end":{"line":438,"column":null}},"type":"if","locations":[{"start":{"line":430,"column":6},"end":{"line":438,"column":null}},{"start":{},"end":{}}],"line":430},"75":{"loc":{"start":{"line":434,"column":17},"end":{"line":434,"column":null}},"type":"binary-expr","locations":[{"start":{"line":434,"column":17},"end":{"line":434,"column":31}},{"start":{"line":434,"column":31},"end":{"line":434,"column":null}}],"line":434},"76":{"loc":{"start":{"line":4,"column":24},"end":{"line":4,"column":null}},"type":"cond-expr","locations":[{"start":{"line":4,"column":48},"end":{"line":4,"column":null}},{"start":{"line":4,"column":56},"end":{"line":4,"column":null}}],"line":4},"77":{"loc":{"start":{"line":5,"column":22},"end":{"line":5,"column":null}},"type":"cond-expr","locations":[{"start":{"line":5,"column":22},"end":{"line":5,"column":null}},{"start":{"line":5,"column":38},"end":{"line":5,"column":null}}],"line":5}},"s":{"0":0,"1":0,"2":0,"3":0,"4":0,"5":0,"6":0,"7":0,"8":0,"9":0,"10":0,"11":0,"12":0,"13":0,"14":0,"15":0,"16":0,"17":0,"18":0,"19":0,"20":0,"21":0,"22":0,"23":0,"24":0,"25":0,"26":0,"27":0,"28":0,"29":0,"30":0,"31":0,"32":0,"33":0,"34":0,"35":0,"36":0,"37":0,"38":0,"39":0,"40":0,"41":0,"42":0,"43":0,"44":0,"45":0,"46":0,"47":0,"48":0,"49":0,"50":0,"51":0,"52":0,"53":0,"54":0,"55":0,"56":0,"57":0,"58":0,"59":0,"60":0,"61":0,"62":0,"63":0,"64":0,"65":0,"66":0,"67":0,"68":0,"69":0,"70":0,"71":0,"72":0,"73":0,"74":0,"75":0,"76":0,"77":0,"78":0,"79":0,"80":0,"81":0,"82":0,"83":0,"84":0,"85":0,"86":0,"87":0,"88":0,"89":0,"90":0,"91":0,"92":0,"93":0,"94":0,"95":0,"96":0,"97":0,"98":0,"99":0,"100":0,"101":0,"102":0,"103":0,"104":0,"105":0,"106":0,"107":0,"108":0,"109":0,"110":0,"111":0,"112":0,"113":0,"114":0,"115":0,"116":0,"117":0,"118":0,"119":0,"120":0,"121":0,"122":0,"123":0,"124":0,"125":0,"126":0,"127":0,"128":0,"129":0,"130":0,"131":0,"132":0,"133":0,"134":0,"135":0,"136":0,"137":0,"138":0,"139":0,"140":0,"141":0,"142":0,"143":0,"144":0,"145":0,"146":0,"147":0,"148":0,"149":0,"150":0,"151":0,"152":0,"153":0,"154":0,"155":0,"156":0,"157":0,"158":0,"159":0,"160":0,"161":0,"162":0,"163":0,"164":0,"165":0,"166":0,"167":0,"168":0,"169":0,"170":0,"171":0,"172":0,"173":0,"174":0,"175":0,"176":0,"177":0,"178":0,"179":0,"180":0,"181":0,"182":0,"183":0,"184":0,"185":0,"186":0,"187":0,"188":0,"189":0,"190":0},"f":{"0":0,"1":0,"2":0,"3":0,"4":0,"5":0,"6":0,"7":0,"8":0,"9":0,"10":0,"11":0,"12":0,"13":0,"14":0,"15":0,"16":0,"17":0,"18":0,"19":0,"20":0,"21":0,"22":0,"23":0,"24":0,"25":0,"26":0,"27":0,"28":0,"29":0,"30":0,"31":0},"b":{"0":[0,0],"1":[0,0],"2":[0,0],"3":[0,0],"4":[0,0],"5":[0,0],"6":[0,0],"7":[0,0],"8":[0,0,0],"9":[0,0],"10":[0,0],"11":[0,0],"12":[0,0],"13":[0,0],"14":[0,0],"15":[0,0],"16":[0,0],"17":[0,0],"18":[0,0],"19":[0,0],"20":[0,0],"21":[0,0],"22":[0,0],"23":[0,0],"24":[0,0],"25":[0,0],"26":[0,0],"27":[0,0],"28":[0,0],"29":[0,0],"30":[0,0],"31":[0,0],"32":[0,0],"33":[0,0],"34":[0,0,0,0],"35":[0,0],"36":[0,0],"37":[0,0],"38":[0,0],"39":[0,0],"40":[0,0],"41":[0,0],"42":[0,0],"43":[0,0],"44":[0,0],"45":[0,0,0],"46":[0,0],"47":[0,0],"48":[0,0],"49":[0,0],"50":[0,0],"51":[0,0],"52":[0,0],"53":[0,0],"54":[0,0],"55":[0,0],"56":[0,0],"57":[0,0],"58":[0,0],"59":[0,0],"60":[0,0],"61":[0,0],"62":[0,0],"63":[0,0],"64":[0,0],"65":[0,0],"66":[0,0],"67":[0,0],"68":[0,0],"69":[0,0],"70":[0,0],"71":[0,0],"72":[0,0],"73":[0,0],"74":[0,0],"75":[0,0],"76":[0,0],"77":[0,0]},"meta":{"lastBranch":78,"lastFunction":32,"lastStatement":191,"seen":{"s:23:6:23:Infinity":0,"s:24:6:24:Infinity":1,"s:26:6:28:Infinity":2,"f:26:30:26:36":0,"s:27:2:27:Infinity":3,"b:27:9:27:54:27:54:27:Infinity":0,"s:30:6:32:Infinity":4,"f:30:35:30:41":1,"s:31:2:31:Infinity":5,"s:34:0:37:Infinity":6,"f:34:10:34:22":2,"s:35:2:35:Infinity":7,"s:36:2:36:Infinity":8,"s:39:0:53:Infinity":9,"f:39:12:39:18":3,"b:40:2:52:Infinity:undefined:undefined:undefined:undefined":1,"s:40:2:52:Infinity":10,"s:41:4:41:Infinity":11,"s:42:4:42:Infinity":12,"s:43:4:43:Infinity":13,"s:44:4:44:Infinity":14,"s:45:4:45:Infinity":15,"s:46:4:46:Infinity":16,"s:47:4:47:Infinity":17,"s:48:4:48:Infinity":18,"s:49:4:49:Infinity":19,"s:50:4:50:Infinity":20,"s:51:4:51:Infinity":21,"f:55:15:55:31":4,"s:56:2:56:Infinity":22,"s:57:2:57:Infinity":23,"s:59:2:175:Infinity":24,"b:61:4:65:Infinity:undefined:undefined:undefined:undefined":2,"s:61:4:65:Infinity":25,"s:62:6:62:Infinity":26,"s:63:6:63:Infinity":27,"s:64:6:64:Infinity":28,"b:67:4:170:Infinity:undefined:undefined:undefined:undefined":3,"s:67:4:170:Infinity":29,"s:68:6:68:Infinity":30,"s:69:43:72:Infinity":31,"s:76:31:76:Infinity":32,"b:77:6:84:Infinity:81:13:84:Infinity":4,"s:77:6:84:Infinity":33,"s:78:8:78:Infinity":34,"s:79:8:79:Infinity":35,"s:80:8:80:Infinity":36,"b:80:19:80:40:80:40:80:Infinity":5,"s:82:8:82:Infinity":37,"s:83:8:83:Infinity":38,"s:87:12:92:Infinity":39,"b:87:33:87:45:87:45:87:49":6,"f:87:53:87:54":5,"s:87:72:92:8":40,"b:88:12:88:34:88:34:88:Infinity":7,"b:89:14:89:31:89:31:89:47:89:47:89:Infinity":8,"b:90:40:90:81:90:81:90:Infinity":9,"b:91:40:91:81:91:81:91:Infinity":10,"s:94:6:94:Infinity":41,"s:97:12:102:Infinity":42,"b:97:36:97:51:97:51:97:55":11,"f:97:59:97:60":6,"s:97:81:102:8":43,"b:100:14:100:40:100:40:100:Infinity":12,"b:101:19:101:44:101:44:101:Infinity":13,"s:103:6:103:Infinity":44,"s:105:6:105:Infinity":45,"b:107:6:169:Infinity:152:13:169:Infinity":14,"s:107:6:169:Infinity":46,"b:107:10:107:31:107:31:107:61":15,"s:108:8:108:Infinity":47,"s:109:24:109:Infinity":48,"s:113:29:113:Infinity":49,"s:114:14:114:Infinity":50,"b:114:29:114:40:114:40:114:44":16,"s:116:8:144:Infinity":51,"f:116:28:116:29":7,"b:118:10:126:Infinity:undefined:undefined:undefined:undefined":17,"s:118:10:126:Infinity":52,"s:119:12:125:Infinity":53,"b:123:43:123:81:123:81:123:Infinity":18,"b:124:38:124:76:124:76:124:Infinity":19,"s:129:10:143:Infinity":54,"b:132:21:132:36:132:36:132:Infinity":20,"b:133:41:133:79:133:79:133:Infinity":21,"b:134:36:134:74:134:74:134:Infinity":22,"b:135:19:135:33:135:33:135:Infinity":23,"b:136:21:136:37:136:37:136:Infinity":24,"b:137:27:137:49:137:49:137:Infinity":25,"b:138:18:138:31:138:31:138:Infinity":26,"b:139:25:139:41:139:41:139:Infinity":27,"b:140:20:140:35:140:35:140:Infinity":28,"b:142:23:142:42:142:42:142:Infinity":29,"s:146:8:146:Infinity":55,"b:149:8:151:Infinity:undefined:undefined:undefined:undefined":30,"s:149:8:151:Infinity":56,"s:150:10:150:Infinity":57,"s:154:28:154:Infinity":58,"s:155:24:160:Infinity":59,"b:157:16:157:45:157:45:157:Infinity":31,"s:161:8:161:Infinity":60,"s:162:8:162:Infinity":61,"s:163:8:163:Infinity":62,"b:166:8:168:Infinity:undefined:undefined:undefined:undefined":32,"s:166:8:168:Infinity":63,"s:167:10:167:Infinity":64,"s:172:4:172:Infinity":65,"s:174:4:174:Infinity":66,"f:178:9:178:35":8,"b:179:2:440:Infinity:undefined:undefined:undefined:undefined":33,"s:179:2:440:Infinity":67,"s:180:4:218:Infinity":68,"f:180:38:180:39":9,"s:181:6:181:Infinity":69,"s:183:27:183:Infinity":70,"s:184:24:189:Infinity":71,"f:184:47:184:Infinity":10,"s:185:8:188:Infinity":72,"b:185:8:185:Infinity:186:8:186:Infinity:187:8:187:Infinity:188:8:188:Infinity":34,"b:191:6:217:Infinity:201:13:217:Infinity":35,"s:191:6:217:Infinity":73,"s:193:8:199:Infinity":74,"b:198:21:198:40:198:40:198:Infinity":36,"s:200:8:200:Infinity":75,"s:203:33:215:Infinity":76,"b:204:27:204:47:204:47:204:57":37,"b:214:21:214:40:214:40:214:Infinity":38,"s:216:8:216:Infinity":77,"s:220:4:250:Infinity":78,"f:220:36:220:37":11,"s:221:6:221:Infinity":79,"b:223:6:246:Infinity:undefined:undefined:undefined:undefined":39,"s:223:6:246:Infinity":80,"s:224:29:224:Infinity":81,"s:225:28:225:Infinity":82,"f:225:51:225:59":12,"s:225:59:225:96":83,"b:226:8:245:Infinity:undefined:undefined:undefined:undefined":40,"s:226:8:245:Infinity":84,"s:227:23:227:Infinity":85,"b:230:10:235:Infinity:undefined:undefined:undefined:undefined":41,"s:230:10:235:Infinity":86,"s:231:12:234:Infinity":87,"f:231:40:231:49":13,"s:231:49:234:14":88,"s:237:10:243:Infinity":89,"s:244:10:244:Infinity":90,"s:249:6:249:Infinity":91,"s:252:4:271:Infinity":92,"f:252:39:252:40":14,"s:253:6:253:Infinity":93,"s:255:27:255:Infinity":94,"s:256:26:256:Infinity":95,"f:256:49:256:57":15,"s:256:57:256:94":96,"b:257:6:270:Infinity:undefined:undefined:undefined:undefined":42,"s:257:6:270:Infinity":97,"s:258:8:262:Infinity":98,"b:263:8:267:Infinity:265:15:267:Infinity":43,"s:263:8:267:Infinity":99,"s:264:10:264:Infinity":100,"s:266:10:266:Infinity":101,"s:269:8:269:Infinity":102,"s:273:4:311:Infinity":103,"f:273:40:273:41":16,"s:274:27:274:Infinity":104,"s:275:26:275:Infinity":105,"f:275:49:275:57":17,"s:275:57:275:94":106,"b:276:6:310:Infinity:undefined:undefined:undefined:undefined":44,"s:276:6:310:Infinity":107,"s:277:21:277:Infinity":108,"s:278:24:278:Infinity":109,"b:278:24:278:56:278:56:278:72:278:72:278:Infinity":45,"s:279:26:279:Infinity":110,"b:279:26:279:45:279:45:279:Infinity":46,"b:281:8:307:Infinity:287:15:307:Infinity":47,"s:281:8:307:Infinity":111,"b:282:10:284:Infinity:undefined:undefined:undefined:undefined":48,"s:282:10:284:Infinity":112,"s:283:12:283:Infinity":113,"s:285:10:285:Infinity":114,"s:286:10:286:Infinity":115,"b:288:10:290:Infinity:undefined:undefined:undefined:undefined":49,"s:288:10:290:Infinity":116,"s:289:12:289:Infinity":117,"s:292:34:292:Infinity":118,"b:292:34:292:47:292:47:292:Infinity":50,"b:294:10:301:Infinity:undefined:undefined:undefined:undefined":51,"s:294:10:301:Infinity":119,"s:295:12:300:Infinity":120,"b:303:10:305:Infinity:undefined:undefined:undefined:undefined":52,"s:303:10:305:Infinity":121,"s:304:12:304:Infinity":122,"s:306:10:306:Infinity":123,"s:309:8:309:Infinity":124,"s:313:4:335:Infinity":125,"f:313:39:313:40":18,"s:314:6:314:Infinity":126,"s:316:27:316:Infinity":127,"s:317:26:317:Infinity":128,"f:317:49:317:57":19,"s:317:57:317:94":129,"b:318:6:334:Infinity:undefined:undefined:undefined:undefined":53,"s:318:6:334:Infinity":130,"s:319:21:319:Infinity":131,"s:320:8:320:Infinity":132,"b:323:8:331:Infinity:undefined:undefined:undefined:undefined":54,"s:323:8:331:Infinity":133,"s:325:28:325:Infinity":134,"b:325:28:325:47:325:47:325:Infinity":55,"b:328:10:330:Infinity:undefined:undefined:undefined:undefined":56,"s:328:10:330:Infinity":135,"s:329:12:329:Infinity":136,"b:329:44:329:60:329:60:329:Infinity":57,"s:333:8:333:Infinity":137,"s:337:4:349:Infinity":138,"f:337:38:337:39":20,"s:338:6:338:Infinity":139,"s:339:27:339:Infinity":140,"s:340:26:340:Infinity":141,"f:340:49:340:57":21,"s:340:57:340:94":142,"b:341:6:348:Infinity:undefined:undefined:undefined:undefined":58,"s:341:6:348:Infinity":143,"s:342:8:346:Infinity":144,"s:347:8:347:Infinity":145,"s:351:4:363:Infinity":146,"f:351:38:351:39":22,"s:352:6:352:Infinity":147,"s:353:27:353:Infinity":148,"s:354:26:354:Infinity":149,"f:354:49:354:57":23,"s:354:57:354:94":150,"b:355:6:362:Infinity:undefined:undefined:undefined:undefined":59,"s:355:6:362:Infinity":151,"s:356:8:360:Infinity":152,"b:359:16:359:29:359:29:359:Infinity":60,"s:361:8:361:Infinity":153,"s:365:4:399:Infinity":154,"f:365:38:365:39":24,"s:366:6:366:Infinity":155,"s:368:27:368:Infinity":156,"s:369:26:369:Infinity":157,"f:369:49:369:57":25,"s:369:57:369:94":158,"b:370:6:398:Infinity:undefined:undefined:undefined:undefined":61,"s:370:6:398:Infinity":159,"b:371:8:373:Infinity:undefined:undefined:undefined:undefined":62,"s:371:8:373:Infinity":160,"s:372:10:372:Infinity":161,"s:375:26:375:Infinity":162,"b:375:26:375:45:375:45:375:Infinity":63,"s:376:34:376:Infinity":163,"f:376:76:376:84":26,"s:376:84:376:113":164,"b:378:8:395:Infinity:384:15:395:Infinity":64,"s:378:8:395:Infinity":165,"s:380:10:383:Infinity":166,"s:386:10:391:Infinity":167,"s:394:10:394:Infinity":168,"f:394:47:394:48":27,"s:394:51:394:98":169,"b:394:58:394:74:394:74:394:80":65,"b:394:80:394:96:394:96:394:98":66,"s:397:8:397:Infinity":170,"s:401:4:423:Infinity":171,"f:401:36:401:37":28,"s:402:6:402:Infinity":172,"s:404:27:404:Infinity":173,"s:405:26:405:Infinity":174,"f:405:49:405:57":29,"s:405:57:405:94":175,"b:406:6:422:Infinity:undefined:undefined:undefined:undefined":67,"s:406:6:422:Infinity":176,"b:406:10:406:32:406:32:406:65":68,"s:407:26:407:Infinity":177,"b:407:26:407:45:407:45:407:Infinity":69,"b:408:8:420:Infinity:undefined:undefined:undefined:undefined":70,"s:408:8:420:Infinity":178,"s:410:26:410:Infinity":179,"b:410:26:410:42:410:42:410:Infinity":71,"s:412:10:419:Infinity":180,"b:415:25:415:45:415:45:415:Infinity":72,"b:416:20:416:35:416:35:416:Infinity":73,"s:421:8:421:Infinity":181,"s:425:4:439:Infinity":182,"f:425:39:425:40":30,"s:426:6:426:Infinity":183,"s:428:27:428:Infinity":184,"s:429:26:429:Infinity":185,"f:429:49:429:57":31,"s:429:57:429:94":186,"b:430:6:438:Infinity:undefined:undefined:undefined:undefined":74,"s:430:6:438:Infinity":187,"s:431:8:436:Infinity":188,"b:434:17:434:31:434:31:434:Infinity":75,"s:437:8:437:Infinity":189,"s:2:2:8:Infinity":190,"b:4:48:4:Infinity:4:56:4:Infinity":76,"b:5:22:5:Infinity:5:38:5:Infinity":77}}}
,"/home/admin/lingxi-assistant/lingxi-desktop/src/components/ChatCore.vue": {"path":"/home/admin/lingxi-assistant/lingxi-desktop/src/components/ChatCore.vue","statementMap":{"0":{"start":{"line":107,"column":6},"end":{"line":107,"column":null}},"1":{"start":{"line":109,"column":6},"end":{"line":109,"column":null}},"2":{"start":{"line":110,"column":6},"end":{"line":110,"column":null}},"3":{"start":{"line":111,"column":6},"end":{"line":111,"column":null}},"4":{"start":{"line":112,"column":6},"end":{"line":112,"column":null}},"5":{"start":{"line":113,"column":6},"end":{"line":113,"column":null}},"6":{"start":{"line":114,"column":6},"end":{"line":114,"column":null}},"7":{"start":{"line":116,"column":6},"end":{"line":119,"column":null}},"8":{"start":{"line":117,"column":18},"end":{"line":117,"column":null}},"9":{"start":{"line":117,"column":46},"end":{"line":117,"column":80}},"10":{"start":{"line":118,"column":2},"end":{"line":118,"column":null}},"11":{"start":{"line":122,"column":2},"end":{"line":135,"column":null}},"12":{"start":{"line":124,"column":6},"end":{"line":124,"column":null}},"13":{"start":{"line":125,"column":6},"end":{"line":125,"column":null}},"14":{"start":{"line":127,"column":6},"end":{"line":127,"column":null}},"15":{"start":{"line":128,"column":6},"end":{"line":128,"column":null}},"16":{"start":{"line":130,"column":6},"end":{"line":130,"column":null}},"17":{"start":{"line":131,"column":6},"end":{"line":131,"column":null}},"18":{"start":{"line":133,"column":6},"end":{"line":133,"column":null}},"19":{"start":{"line":134,"column":6},"end":{"line":134,"column":null}},"20":{"start":{"line":139,"column":2},"end":{"line":152,"column":null}},"21":{"start":{"line":141,"column":6},"end":{"line":141,"column":null}},"22":{"start":{"line":142,"column":6},"end":{"line":142,"column":null}},"23":{"start":{"line":144,"column":6},"end":{"line":144,"column":null}},"24":{"start":{"line":145,"column":6},"end":{"line":145,"column":null}},"25":{"start":{"line":147,"column":6},"end":{"line":147,"column":null}},"26":{"start":{"line":148,"column":6},"end":{"line":148,"column":null}},"27":{"start":{"line":150,"column":6},"end":{"line":150,"column":null}},"28":{"start":{"line":151,"column":6},"end":{"line":151,"column":null}},"29":{"start":{"line":156,"column":2},"end":{"line":156,"column":null}},"30":{"start":{"line":156,"column":34},"end":{"line":156,"column":null}},"31":{"start":{"line":158,"column":2},"end":{"line":178,"column":null}},"32":{"start":{"line":159,"column":22},"end":{"line":163,"column":null}},"33":{"start":{"line":165,"column":4},"end":{"line":175,"column":null}},"34":{"start":{"line":167,"column":6},"end":{"line":169,"column":null}},"35":{"start":{"line":168,"column":8},"end":{"line":168,"column":null}},"36":{"start":{"line":171,"column":30},"end":{"line":173,"column":null}},"37":{"start":{"line":172,"column":8},"end":{"line":172,"column":null}},"38":{"start":{"line":174,"column":6},"end":{"line":174,"column":null}},"39":{"start":{"line":177,"column":4},"end":{"line":177,"column":null}},"40":{"start":{"line":182,"column":2},"end":{"line":182,"column":null}},"41":{"start":{"line":182,"column":34},"end":{"line":182,"column":null}},"42":{"start":{"line":184,"column":2},"end":{"line":199,"column":null}},"43":{"start":{"line":185,"column":4},"end":{"line":189,"column":null}},"44":{"start":{"line":192,"column":4},"end":{"line":194,"column":null}},"45":{"start":{"line":193,"column":6},"end":{"line":193,"column":null}},"46":{"start":{"line":196,"column":4},"end":{"line":196,"column":null}},"47":{"start":{"line":198,"column":4},"end":{"line":198,"column":null}},"48":{"start":{"line":203,"column":2},"end":{"line":203,"column":null}},"49":{"start":{"line":203,"column":34},"end":{"line":203,"column":null}},"50":{"start":{"line":205,"column":2},"end":{"line":227,"column":null}},"51":{"start":{"line":206,"column":4},"end":{"line":210,"column":null}},"52":{"start":{"line":213,"column":4},"end":{"line":215,"column":null}},"53":{"start":{"line":214,"column":6},"end":{"line":214,"column":null}},"54":{"start":{"line":217,"column":28},"end":{"line":219,"column":null}},"55":{"start":{"line":218,"column":11},"end":{"line":218,"column":null}},"56":{"start":{"line":220,"column":4},"end":{"line":220,"column":null}},"57":{"start":{"line":222,"column":4},"end":{"line":224,"column":null}},"58":{"start":{"line":223,"column":6},"end":{"line":223,"column":null}},"59":{"start":{"line":226,"column":4},"end":{"line":226,"column":null}},"60":{"start":{"line":231,"column":2},"end":{"line":231,"column":null}},"61":{"start":{"line":236,"column":2},"end":{"line":236,"column":null}},"62":{"start":{"line":242,"column":2},"end":{"line":242,"column":null}},"63":{"start":{"line":246,"column":2},"end":{"line":246,"column":null}},"64":{"start":{"line":251,"column":2},"end":{"line":251,"column":null}},"65":{"start":{"line":255,"column":2},"end":{"line":328,"column":null}},"66":{"start":{"line":256,"column":24},"end":{"line":256,"column":null}},"67":{"start":{"line":257,"column":22},"end":{"line":257,"column":null}},"68":{"start":{"line":260,"column":4},"end":{"line":276,"column":null}},"69":{"start":{"line":261,"column":6},"end":{"line":275,"column":null}},"70":{"start":{"line":262,"column":23},"end":{"line":262,"column":null}},"71":{"start":{"line":263,"column":8},"end":{"line":271,"column":null}},"72":{"start":{"line":264,"column":10},"end":{"line":264,"column":null}},"73":{"start":{"line":265,"column":10},"end":{"line":268,"column":null}},"74":{"start":{"line":270,"column":10},"end":{"line":270,"column":null}},"75":{"start":{"line":273,"column":8},"end":{"line":273,"column":null}},"76":{"start":{"line":274,"column":8},"end":{"line":274,"column":null}},"77":{"start":{"line":279,"column":4},"end":{"line":284,"column":null}},"78":{"start":{"line":287,"column":33},"end":{"line":299,"column":null}},"79":{"start":{"line":300,"column":4},"end":{"line":300,"column":null}},"80":{"start":{"line":302,"column":4},"end":{"line":302,"column":null}},"81":{"start":{"line":305,"column":4},"end":{"line":327,"column":null}},"82":{"start":{"line":306,"column":6},"end":{"line":326,"column":null}},"83":{"start":{"line":307,"column":8},"end":{"line":311,"column":null}},"84":{"start":{"line":313,"column":8},"end":{"line":313,"column":null}},"85":{"start":{"line":315,"column":29},"end":{"line":315,"column":null}},"86":{"start":{"line":316,"column":28},"end":{"line":316,"column":null}},"87":{"start":{"line":316,"column":59},"end":{"line":316,"column":99}},"88":{"start":{"line":317,"column":8},"end":{"line":325,"column":null}},"89":{"start":{"line":318,"column":10},"end":{"line":323,"column":null}},"90":{"start":{"line":324,"column":10},"end":{"line":324,"column":null}},"91":{"start":{"line":333,"column":2},"end":{"line":336,"column":null}},"92":{"start":{"line":334,"column":4},"end":{"line":334,"column":null}},"93":{"start":{"line":335,"column":4},"end":{"line":335,"column":null}},"94":{"start":{"line":340,"column":2},"end":{"line":340,"column":null}},"95":{"start":{"line":344,"column":2},"end":{"line":344,"column":null}},"96":{"start":{"line":348,"column":2},"end":{"line":348,"column":null}},"97":{"start":{"line":350,"column":16},"end":{"line":350,"column":null}},"98":{"start":{"line":351,"column":2},"end":{"line":353,"column":null}},"99":{"start":{"line":352,"column":4},"end":{"line":352,"column":null}},"100":{"start":{"line":356,"column":2},"end":{"line":356,"column":null}},"101":{"start":{"line":360,"column":2},"end":{"line":374,"column":null}},"102":{"start":{"line":361,"column":4},"end":{"line":361,"column":null}},"103":{"start":{"line":364,"column":4},"end":{"line":373,"column":null}},"104":{"start":{"line":366,"column":6},"end":{"line":366,"column":null}},"105":{"start":{"line":367,"column":4},"end":{"line":373,"column":null}},"106":{"start":{"line":369,"column":6},"end":{"line":369,"column":null}},"107":{"start":{"line":372,"column":6},"end":{"line":372,"column":null}},"108":{"start":{"line":378,"column":17},"end":{"line":378,"column":null}},"109":{"start":{"line":379,"column":2},"end":{"line":383,"column":null}},"110":{"start":{"line":380,"column":19},"end":{"line":380,"column":null}},"111":{"start":{"line":382,"column":4},"end":{"line":382,"column":null}},"112":{"start":{"line":384,"column":2},"end":{"line":384,"column":null}},"113":{"start":{"line":388,"column":17},"end":{"line":388,"column":null}},"114":{"start":{"line":389,"column":2},"end":{"line":393,"column":null}},"115":{"start":{"line":390,"column":19},"end":{"line":390,"column":null}},"116":{"start":{"line":392,"column":4},"end":{"line":392,"column":null}},"117":{"start":{"line":394,"column":2},"end":{"line":394,"column":null}},"118":{"start":{"line":399,"column":2},"end":{"line":399,"column":null}},"119":{"start":{"line":403,"column":2},"end":{"line":403,"column":null}},"120":{"start":{"line":407,"column":2},"end":{"line":407,"column":null}},"121":{"start":{"line":2,"column":7},"end":{"line":2,"column":null}},"122":{"start":{"line":3,"column":9},"end":{"line":3,"column":null}},"123":{"start":{"line":4,"column":11},"end":{"line":4,"column":38}},"124":{"start":{"line":5,"column":11},"end":{"line":5,"column":null}},"125":{"start":{"line":31,"column":9},"end":{"line":31,"column":null}},"126":{"start":{"line":48,"column":11},"end":{"line":48,"column":null}},"127":{"start":{"line":81,"column":13},"end":{"line":81,"column":null}},"128":{"start":{"line":2,"column":2},"end":{"line":94,"column":20}},"129":{"start":{"line":26,"column":31},"end":{"line":25,"column":33}},"130":{"start":{"line":13,"column":33},"end":{"line":25,"column":33}},"131":{"start":{"line":11,"column":56},"end":{"line":13,"column":33}},"132":{"start":{"line":11,"column":46},"end":{"line":11,"column":56}},"133":{"start":{"line":15,"column":58},"end":{"line":17,"column":33}},"134":{"start":{"line":15,"column":48},"end":{"line":15,"column":58}},"135":{"start":{"line":19,"column":58},"end":{"line":21,"column":33}},"136":{"start":{"line":19,"column":48},"end":{"line":19,"column":58}},"137":{"start":{"line":23,"column":60},"end":{"line":25,"column":33}},"138":{"start":{"line":23,"column":50},"end":{"line":23,"column":60}},"139":{"start":{"line":7,"column":54},"end":{"line":7,"column":54}},"140":{"start":{"line":7,"column":42},"end":{"line":7,"column":54}},"141":{"start":{"line":40,"column":17},"end":{"line":40,"column":null}},"142":{"start":{"line":72,"column":31},"end":{"line":71,"column":33}},"143":{"start":{"line":60,"column":33},"end":{"line":71,"column":33}},"144":{"start":{"line":58,"column":58},"end":{"line":60,"column":33}},"145":{"start":{"line":58,"column":48},"end":{"line":58,"column":58}},"146":{"start":{"line":62,"column":59},"end":{"line":64,"column":33}},"147":{"start":{"line":62,"column":49},"end":{"line":62,"column":59}},"148":{"start":{"line":66,"column":56},"end":{"line":68,"column":33}},"149":{"start":{"line":66,"column":46},"end":{"line":66,"column":56}},"150":{"start":{"line":71,"column":14},"end":{"line":71,"column":33}},"151":{"start":{"line":54,"column":12},"end":{"line":53,"column":null}},"152":{"start":{"line":84,"column":21},"end":{"line":84,"column":null}},"153":{"start":{"line":94,"column":8},"end":{"line":94,"column":20}}},"fnMap":{"0":{"name":"(anonymous_0)","decl":{"start":{"line":116,"column":36},"end":{"line":116,"column":42}},"loc":{"start":{"line":116,"column":42},"end":{"line":119,"column":1}},"line":116},"1":{"name":"(anonymous_1)","decl":{"start":{"line":117,"column":41},"end":{"line":117,"column":46}},"loc":{"start":{"line":117,"column":46},"end":{"line":117,"column":80}},"line":117},"2":{"name":"handleMoreCommand","decl":{"start":{"line":121,"column":9},"end":{"line":121,"column":27}},"loc":{"start":{"line":121,"column":44},"end":{"line":136,"column":null}},"line":121},"3":{"name":"handleAddCommand","decl":{"start":{"line":138,"column":9},"end":{"line":138,"column":26}},"loc":{"start":{"line":138,"column":43},"end":{"line":153,"column":null}},"line":138},"4":{"name":"handleRenameSession","decl":{"start":{"line":155,"column":15},"end":{"line":155,"column":37}},"loc":{"start":{"line":155,"column":37},"end":{"line":179,"column":null}},"line":155},"5":{"name":"(anonymous_5)","decl":{"start":{"line":171,"column":52},"end":{"line":171,"column":null}},"loc":{"start":{"line":172,"column":8},"end":{"line":172,"column":null}},"line":172},"6":{"name":"handleClearHistory","decl":{"start":{"line":181,"column":15},"end":{"line":181,"column":36}},"loc":{"start":{"line":181,"column":36},"end":{"line":200,"column":null}},"line":181},"7":{"name":"handleDeleteSession","decl":{"start":{"line":202,"column":15},"end":{"line":202,"column":37}},"loc":{"start":{"line":202,"column":37},"end":{"line":228,"column":null}},"line":202},"8":{"name":"(anonymous_8)","decl":{"start":{"line":218,"column":6},"end":{"line":218,"column":11}},"loc":{"start":{"line":218,"column":11},"end":{"line":218,"column":null}},"line":218},"9":{"name":"handleExportSession","decl":{"start":{"line":230,"column":9},"end":{"line":230,"column":31}},"loc":{"start":{"line":230,"column":31},"end":{"line":233,"column":null}},"line":230},"10":{"name":"handleAddImage","decl":{"start":{"line":235,"column":9},"end":{"line":235,"column":26}},"loc":{"start":{"line":235,"column":26},"end":{"line":238,"column":null}},"line":235},"11":{"name":"handleAddCodeBlock","decl":{"start":{"line":240,"column":9},"end":{"line":240,"column":30}},"loc":{"start":{"line":240,"column":30},"end":{"line":243,"column":null}},"line":240},"12":{"name":"handleAddEmoji","decl":{"start":{"line":245,"column":9},"end":{"line":245,"column":26}},"loc":{"start":{"line":245,"column":26},"end":{"line":248,"column":null}},"line":245},"13":{"name":"handleUpload","decl":{"start":{"line":250,"column":9},"end":{"line":250,"column":24}},"loc":{"start":{"line":250,"column":24},"end":{"line":252,"column":null}},"line":250},"14":{"name":"handleSend","decl":{"start":{"line":254,"column":15},"end":{"line":254,"column":28}},"loc":{"start":{"line":254,"column":28},"end":{"line":329,"column":null}},"line":254},"15":{"name":"(anonymous_15)","decl":{"start":{"line":316,"column":51},"end":{"line":316,"column":59}},"loc":{"start":{"line":316,"column":59},"end":{"line":316,"column":99}},"line":316},"16":{"name":"handleKeyDown","decl":{"start":{"line":331,"column":9},"end":{"line":331,"column":23}},"loc":{"start":{"line":331,"column":45},"end":{"line":337,"column":null}},"line":331},"17":{"name":"handleDragOver","decl":{"start":{"line":339,"column":9},"end":{"line":339,"column":24}},"loc":{"start":{"line":339,"column":42},"end":{"line":341,"column":null}},"line":339},"18":{"name":"handleDragLeave","decl":{"start":{"line":343,"column":9},"end":{"line":343,"column":25}},"loc":{"start":{"line":343,"column":43},"end":{"line":345,"column":null}},"line":343},"19":{"name":"handleDrop","decl":{"start":{"line":347,"column":9},"end":{"line":347,"column":20}},"loc":{"start":{"line":347,"column":38},"end":{"line":357,"column":null}},"line":347},"20":{"name":"handleFiles","decl":{"start":{"line":359,"column":9},"end":{"line":359,"column":21}},"loc":{"start":{"line":359,"column":36},"end":{"line":375,"column":null}},"line":359},"21":{"name":"(anonymous_21)","decl":{"start":{"line":360,"column":16},"end":{"line":360,"column":24}},"loc":{"start":{"line":360,"column":24},"end":{"line":374,"column":3}},"line":360},"22":{"name":"handleImageFile","decl":{"start":{"line":377,"column":9},"end":{"line":377,"column":25}},"loc":{"start":{"line":377,"column":37},"end":{"line":385,"column":null}},"line":377},"23":{"name":"(anonymous_23)","decl":{"start":{"line":379,"column":18},"end":{"line":379,"column":19}},"loc":{"start":{"line":379,"column":25},"end":{"line":383,"column":null}},"line":379},"24":{"name":"handleTextFile","decl":{"start":{"line":387,"column":9},"end":{"line":387,"column":24}},"loc":{"start":{"line":387,"column":36},"end":{"line":395,"column":null}},"line":387},"25":{"name":"(anonymous_25)","decl":{"start":{"line":389,"column":18},"end":{"line":389,"column":19}},"loc":{"start":{"line":389,"column":25},"end":{"line":393,"column":null}},"line":389},"26":{"name":"handleOtherFile","decl":{"start":{"line":397,"column":9},"end":{"line":397,"column":25}},"loc":{"start":{"line":397,"column":37},"end":{"line":400,"column":null}},"line":397},"27":{"name":"handleMinimize","decl":{"start":{"line":402,"column":9},"end":{"line":402,"column":26}},"loc":{"start":{"line":402,"column":26},"end":{"line":404,"column":null}},"line":402},"28":{"name":"handleSettings","decl":{"start":{"line":406,"column":9},"end":{"line":406,"column":26}},"loc":{"start":{"line":406,"column":26},"end":{"line":408,"column":null}},"line":406},"29":{"name":"(anonymous_29)","decl":{"start":{"line":9,"column":12},"end":{"line":9,"column":null}},"loc":{"start":{"line":26,"column":31},"end":{"line":25,"column":33}},"line":26},"30":{"name":"(anonymous_30)","decl":{"start":{"line":10,"column":14},"end":{"line":10,"column":32}},"loc":{"start":{"line":13,"column":33},"end":{"line":25,"column":33}},"line":13},"31":{"name":"(anonymous_31)","decl":{"start":{"line":11,"column":16},"end":{"line":11,"column":25}},"loc":{"start":{"line":11,"column":56},"end":{"line":13,"column":33}},"line":11},"32":{"name":"(anonymous_32)","decl":{"start":{"line":11,"column":38},"end":{"line":11,"column":46}},"loc":{"start":{"line":11,"column":46},"end":{"line":11,"column":56}},"line":11},"33":{"name":"(anonymous_33)","decl":{"start":{"line":15,"column":16},"end":{"line":15,"column":25}},"loc":{"start":{"line":15,"column":58},"end":{"line":17,"column":33}},"line":15},"34":{"name":"(anonymous_34)","decl":{"start":{"line":15,"column":38},"end":{"line":15,"column":48}},"loc":{"start":{"line":15,"column":48},"end":{"line":15,"column":58}},"line":15},"35":{"name":"(anonymous_35)","decl":{"start":{"line":19,"column":16},"end":{"line":19,"column":25}},"loc":{"start":{"line":19,"column":58},"end":{"line":21,"column":33}},"line":19},"36":{"name":"(anonymous_36)","decl":{"start":{"line":19,"column":38},"end":{"line":19,"column":48}},"loc":{"start":{"line":19,"column":48},"end":{"line":19,"column":58}},"line":19},"37":{"name":"(anonymous_37)","decl":{"start":{"line":23,"column":16},"end":{"line":23,"column":25}},"loc":{"start":{"line":23,"column":60},"end":{"line":25,"column":33}},"line":23},"38":{"name":"(anonymous_38)","decl":{"start":{"line":23,"column":38},"end":{"line":23,"column":50}},"loc":{"start":{"line":23,"column":50},"end":{"line":23,"column":60}},"line":23},"39":{"name":"(anonymous_39)","decl":{"start":{"line":7,"column":10},"end":{"line":7,"column":21}},"loc":{"start":{"line":7,"column":54},"end":{"line":7,"column":54}},"line":7},"40":{"name":"(anonymous_40)","decl":{"start":{"line":7,"column":39},"end":{"line":7,"column":42}},"loc":{"start":{"line":7,"column":42},"end":{"line":7,"column":54}},"line":7},"41":{"name":"(anonymous_41)","decl":{"start":{"line":40,"column":17},"end":{"line":40,"column":26}},"loc":{"start":{"line":40,"column":17},"end":{"line":40,"column":null}},"line":40},"42":{"name":"(anonymous_42)","decl":{"start":{"line":56,"column":12},"end":{"line":56,"column":null}},"loc":{"start":{"line":72,"column":31},"end":{"line":71,"column":33}},"line":72},"43":{"name":"(anonymous_43)","decl":{"start":{"line":57,"column":14},"end":{"line":57,"column":32}},"loc":{"start":{"line":60,"column":33},"end":{"line":71,"column":33}},"line":60},"44":{"name":"(anonymous_44)","decl":{"start":{"line":58,"column":16},"end":{"line":58,"column":25}},"loc":{"start":{"line":58,"column":58},"end":{"line":60,"column":33}},"line":58},"45":{"name":"(anonymous_45)","decl":{"start":{"line":58,"column":38},"end":{"line":58,"column":48}},"loc":{"start":{"line":58,"column":48},"end":{"line":58,"column":58}},"line":58},"46":{"name":"(anonymous_46)","decl":{"start":{"line":62,"column":16},"end":{"line":62,"column":25}},"loc":{"start":{"line":62,"column":59},"end":{"line":64,"column":33}},"line":62},"47":{"name":"(anonymous_47)","decl":{"start":{"line":62,"column":38},"end":{"line":62,"column":49}},"loc":{"start":{"line":62,"column":49},"end":{"line":62,"column":59}},"line":62},"48":{"name":"(anonymous_48)","decl":{"start":{"line":66,"column":16},"end":{"line":66,"column":25}},"loc":{"start":{"line":66,"column":56},"end":{"line":68,"column":33}},"line":66},"49":{"name":"(anonymous_49)","decl":{"start":{"line":66,"column":38},"end":{"line":66,"column":46}},"loc":{"start":{"line":66,"column":46},"end":{"line":66,"column":56}},"line":66},"50":{"name":"(anonymous_50)","decl":{"start":{"line":69,"column":48},"end":{"line":69,"column":null}},"loc":{"start":{"line":71,"column":14},"end":{"line":71,"column":33}},"line":71},"51":{"name":"(anonymous_51)","decl":{"start":{"line":50,"column":10},"end":{"line":50,"column":null}},"loc":{"start":{"line":54,"column":12},"end":{"line":53,"column":null}},"line":54},"52":{"name":"(anonymous_52)","decl":{"start":{"line":84,"column":21},"end":{"line":84,"column":33}},"loc":{"start":{"line":84,"column":21},"end":{"line":84,"column":null}},"line":84},"53":{"name":"(anonymous_53)","decl":{"start":{"line":92,"column":9},"end":{"line":92,"column":null}},"loc":{"start":{"line":94,"column":8},"end":{"line":94,"column":20}},"line":94}},"branchMap":{"0":{"loc":{"start":{"line":118,"column":9},"end":{"line":118,"column":null}},"type":"cond-expr","locations":[{"start":{"line":118,"column":19},"end":{"line":118,"column":34}},{"start":{"line":118,"column":34},"end":{"line":118,"column":null}}],"line":118},"1":{"loc":{"start":{"line":122,"column":2},"end":{"line":135,"column":null}},"type":"switch","locations":[{"start":{"line":123,"column":4},"end":{"line":125,"column":null}},{"start":{"line":126,"column":4},"end":{"line":128,"column":null}},{"start":{"line":129,"column":4},"end":{"line":131,"column":null}},{"start":{"line":132,"column":4},"end":{"line":134,"column":null}}],"line":122},"2":{"loc":{"start":{"line":139,"column":2},"end":{"line":152,"column":null}},"type":"switch","locations":[{"start":{"line":140,"column":4},"end":{"line":142,"column":null}},{"start":{"line":143,"column":4},"end":{"line":145,"column":null}},{"start":{"line":146,"column":4},"end":{"line":148,"column":null}},{"start":{"line":149,"column":4},"end":{"line":151,"column":null}}],"line":139},"3":{"loc":{"start":{"line":156,"column":2},"end":{"line":156,"column":null}},"type":"if","locations":[{"start":{"line":156,"column":2},"end":{"line":156,"column":null}},{"start":{},"end":{}}],"line":156},"4":{"loc":{"start":{"line":165,"column":4},"end":{"line":175,"column":null}},"type":"if","locations":[{"start":{"line":165,"column":4},"end":{"line":175,"column":null}},{"start":{},"end":{}}],"line":165},"5":{"loc":{"start":{"line":167,"column":6},"end":{"line":169,"column":null}},"type":"if","locations":[{"start":{"line":167,"column":6},"end":{"line":169,"column":null}},{"start":{},"end":{}}],"line":167},"6":{"loc":{"start":{"line":172,"column":8},"end":{"line":172,"column":null}},"type":"cond-expr","locations":[{"start":{"line":172,"column":45},"end":{"line":172,"column":69}},{"start":{"line":172,"column":69},"end":{"line":172,"column":null}}],"line":172},"7":{"loc":{"start":{"line":182,"column":2},"end":{"line":182,"column":null}},"type":"if","locations":[{"start":{"line":182,"column":2},"end":{"line":182,"column":null}},{"start":{},"end":{}}],"line":182},"8":{"loc":{"start":{"line":192,"column":4},"end":{"line":194,"column":null}},"type":"if","locations":[{"start":{"line":192,"column":4},"end":{"line":194,"column":null}},{"start":{},"end":{}}],"line":192},"9":{"loc":{"start":{"line":203,"column":2},"end":{"line":203,"column":null}},"type":"if","locations":[{"start":{"line":203,"column":2},"end":{"line":203,"column":null}},{"start":{},"end":{}}],"line":203},"10":{"loc":{"start":{"line":213,"column":4},"end":{"line":215,"column":null}},"type":"if","locations":[{"start":{"line":213,"column":4},"end":{"line":215,"column":null}},{"start":{},"end":{}}],"line":213},"11":{"loc":{"start":{"line":222,"column":4},"end":{"line":224,"column":null}},"type":"if","locations":[{"start":{"line":222,"column":4},"end":{"line":224,"column":null}},{"start":{},"end":{}}],"line":222},"12":{"loc":{"start":{"line":255,"column":2},"end":{"line":328,"column":null}},"type":"if","locations":[{"start":{"line":255,"column":2},"end":{"line":328,"column":null}},{"start":{},"end":{}}],"line":255},"13":{"loc":{"start":{"line":260,"column":4},"end":{"line":276,"column":null}},"type":"if","locations":[{"start":{"line":260,"column":4},"end":{"line":276,"column":null}},{"start":{},"end":{}}],"line":260},"14":{"loc":{"start":{"line":263,"column":8},"end":{"line":271,"column":null}},"type":"if","locations":[{"start":{"line":263,"column":8},"end":{"line":271,"column":null}},{"start":{"line":269,"column":15},"end":{"line":271,"column":null}}],"line":263},"15":{"loc":{"start":{"line":263,"column":12},"end":{"line":263,"column":41}},"type":"binary-expr","locations":[{"start":{"line":263,"column":12},"end":{"line":263,"column":22}},{"start":{"line":263,"column":22},"end":{"line":263,"column":41}}],"line":263},"16":{"loc":{"start":{"line":305,"column":4},"end":{"line":327,"column":null}},"type":"if","locations":[{"start":{"line":305,"column":4},"end":{"line":327,"column":null}},{"start":{},"end":{}}],"line":305},"17":{"loc":{"start":{"line":305,"column":8},"end":{"line":305,"column":61}},"type":"binary-expr","locations":[{"start":{"line":305,"column":8},"end":{"line":305,"column":34}},{"start":{"line":305,"column":34},"end":{"line":305,"column":61}}],"line":305},"18":{"loc":{"start":{"line":317,"column":8},"end":{"line":325,"column":null}},"type":"if","locations":[{"start":{"line":317,"column":8},"end":{"line":325,"column":null}},{"start":{},"end":{}}],"line":317},"19":{"loc":{"start":{"line":333,"column":2},"end":{"line":336,"column":null}},"type":"if","locations":[{"start":{"line":333,"column":2},"end":{"line":336,"column":null}},{"start":{},"end":{}}],"line":333},"20":{"loc":{"start":{"line":333,"column":6},"end":{"line":333,"column":48}},"type":"binary-expr","locations":[{"start":{"line":333,"column":6},"end":{"line":333,"column":31}},{"start":{"line":333,"column":31},"end":{"line":333,"column":48}}],"line":333},"21":{"loc":{"start":{"line":351,"column":2},"end":{"line":353,"column":null}},"type":"if","locations":[{"start":{"line":351,"column":2},"end":{"line":353,"column":null}},{"start":{},"end":{}}],"line":351},"22":{"loc":{"start":{"line":351,"column":6},"end":{"line":351,"column":36}},"type":"binary-expr","locations":[{"start":{"line":351,"column":6},"end":{"line":351,"column":16}},{"start":{"line":351,"column":16},"end":{"line":351,"column":36}}],"line":351},"23":{"loc":{"start":{"line":364,"column":4},"end":{"line":373,"column":null}},"type":"if","locations":[{"start":{"line":364,"column":4},"end":{"line":373,"column":null}},{"start":{"line":367,"column":4},"end":{"line":373,"column":null}}],"line":364},"24":{"loc":{"start":{"line":367,"column":4},"end":{"line":373,"column":null}},"type":"if","locations":[{"start":{"line":367,"column":4},"end":{"line":373,"column":null}},{"start":{"line":370,"column":11},"end":{"line":373,"column":null}}],"line":367},"25":{"loc":{"start":{"line":367,"column":15},"end":{"line":367,"column":105}},"type":"binary-expr","locations":[{"start":{"line":367,"column":15},"end":{"line":367,"column":48}},{"start":{"line":367,"column":48},"end":{"line":367,"column":77}},{"start":{"line":367,"column":77},"end":{"line":367,"column":105}}],"line":367},"26":{"loc":{"start":{"line":7,"column":42},"end":{"line":7,"column":54}},"type":"binary-expr","locations":[{"start":{"line":7,"column":42},"end":{"line":7,"column":54}},{"start":{"line":7,"column":42},"end":{"line":7,"column":54}}],"line":7},"27":{"loc":{"start":{"line":40,"column":17},"end":{"line":40,"column":null}},"type":"binary-expr","locations":[{"start":{"line":40,"column":17},"end":{"line":40,"column":26}},{"start":{"line":40,"column":17},"end":{"line":40,"column":null}}],"line":40},"28":{"loc":{"start":{"line":71,"column":14},"end":{"line":71,"column":33}},"type":"binary-expr","locations":[{"start":{"line":71,"column":14},"end":{"line":71,"column":33}},{"start":{"line":71,"column":14},"end":{"line":71,"column":33}}],"line":71},"29":{"loc":{"start":{"line":87,"column":14},"end":{"line":82,"column":48}},"type":"binary-expr","locations":[{"start":{"line":87,"column":14},"end":{"line":87,"column":null}},{"start":{"line":87,"column":14},"end":{"line":82,"column":48}}],"line":87},"30":{"loc":{"start":{"line":84,"column":21},"end":{"line":84,"column":null}},"type":"binary-expr","locations":[{"start":{"line":84,"column":21},"end":{"line":84,"column":33}},{"start":{"line":84,"column":21},"end":{"line":84,"column":null}}],"line":84},"31":{"loc":{"start":{"line":94,"column":8},"end":{"line":94,"column":20}},"type":"binary-expr","locations":[{"start":{"line":94,"column":8},"end":{"line":94,"column":20}},{"start":{"line":94,"column":8},"end":{"line":94,"column":20}}],"line":94}},"s":{"0":0,"1":0,"2":0,"3":0,"4":0,"5":
[...]
9":1,"50":0,"51":1,"52":0,"53":0,"54":0,"55":0,"56":0,"57":0,"58":0,"59":1,"60":1,"61":1,"62":1,"63":1,"64":1,"65":0,"66":1,"67":1,"68":1,"69":0,"70":0,"71":1,"72":1,"73":1,"74":1,"75":25,"76":0,"77":1,"78":1,"79":1,"80":0,"81":1,"82":1,"83":0,"84":0,"85":0,"86":25},"f":{"0":25,"1":1,"2":0,"3":25,"4":3,"5":3,"6":3,"7":15,"8":17,"9":3,"10":2,"11":1,"12":1,"13":1,"14":1,"15":1,"16":0,"17":1,"18":1,"19":1,"20":1,"21":0,"22":1,"23":0,"24":0},"b":{"0":[0,1],"1":[3,2],"2":[3,2],"3":[3,2],"4":[16,9],"5":[1],"6":[1,0],"7":[0,1],"8":[1,0],"9":[1,0],"10":[0,0],"11":[0,0,0],"12":[0,0],"13":[0,0],"14":[0,0],"15":[0,0],"16":[0,1],"17":[0,1],"18":[1,0],"19":[0,1],"20":[1,0]},"meta":{"lastBranch":21,"lastFunction":25,"lastStatement":87,"seen":{"s:5:20:5:Infinity":0,"s:6:29:6:Infinity":1,"f:8:9:8:Infinity":0,"s:12:52:12:Infinity":2,"s:13:2:18:Infinity":3,"f:13:9:13:30":1,"b:14:4:14:Infinity:undefined:undefined:undefined:undefined":0,"s:14:4:14:Infinity":4,"s:14:15:14:Infinity":5,"s:15:4:18:Infinity":6,"f:15:12:15:29":2,"s:16:6:16:Infinity":7,"s:17:6:17:Infinity":8,"s:22:13:197:Infinity":9,"f:22:45:22:64":3,"s:23:8:23:58":10,"s:24:8:24:40":11,"s:25:8:25:39":12,"s:26:8:26:37":13,"s:27:8:27:39":14,"s:28:8:28:32":15,"s:29:8:29:69":16,"s:31:8:31:87":17,"f:31:24:31:39":4,"s:31:39:31:87":18,"b:31:39:31:81:31:81:31:87":1,"s:32:8:32:81":19,"f:32:24:32:39":5,"s:32:39:32:81":20,"b:32:39:32:76:32:76:32:81":2,"s:33:8:33:78":21,"f:33:20:33:35":6,"s:33:35:33:78":22,"b:33:35:33:73:33:73:33:78":3,"f:35:17:35:40":7,"s:36:4:43:Infinity":23,"s:37:6:37:Infinity":24,"s:38:21:38:68":25,"s:39:6:39:Infinity":26,"s:40:6:40:Infinity":27,"s:41:6:41:Infinity":28,"s:43:6:43:Infinity":29,"f:47:17:47:39":8,"s:48:4:55:Infinity":30,"s:49:21:49:61":31,"s:50:6:52:Infinity":32,"b:50:36:50:46:50:46:50:48":4,"f:50:50:50:Infinity":9,"s:51:17:51:Infinity":33,"s:54:6:54:Infinity":34,"s:55:6:55:Infinity":35,"f:59:11:59:30":10,"s:60:4:60:Infinity":36,"f:63:11:63:31":11,"s:64:4:64:Infinity":37,"f:67:11:67:29":12,"s:68:4:68:Infinity":38,"f:71:11:71:30":13,"s:72:4:72:Infinity":39,"f:75:17:75:33":14,"b:75:55:75:62":5,"s:76:19:76:73":40,"b:77:4:79:Infinity:undefined:undefined:undefined:undefined":6,"s:77:4:79:Infinity":41,"s:78:6:78:Infinity":42,"s:79:6:79:Infinity":43,"s:81:4:81:Infinity":44,"f:84:17:84:34":15,"s:85:4:114:Infinity":45,"s:87:26:87:Infinity":46,"s:88:29:90:52":47,"b:89:10:89:72:90:10:90:52":7,"s:93:23:93:Infinity":48,"b:93:23:93:51:93:51:93:Infinity":8,"s:94:12:99:9":49,"b:94:33:94:45:94:45:94:47":9,"f:94:49:94:54":16,"s:94:72:99:9":50,"b:95:12:95:34:95:34:95:Infinity":10,"b:96:14:96:31:96:31:96:47:96:47:96:Infinity":11,"b:97:40:97:78:97:81:97:91":12,"b:98:40:98:78:98:81:98:Infinity":13,"s:101:30:101:Infinity":51,"s:102:23:102:36":52,"s:103:6:103:Infinity":53,"b:105:6:109:Infinity:107:13:109:Infinity":14,"s:105:6:109:Infinity":54,"b:105:10:105:31:105:31:105:61":15,"s:106:8:106:Infinity":55,"s:108:8:108:Infinity":56,"s:109:8:109:Infinity":57,"s:112:6:112:Infinity":58,"s:114:6:114:Infinity":59,"f:118:17:118:37":17,"s:119:19:119:70":60,"s:120:4:120:Infinity":61,"s:121:4:121:Infinity":62,"f:124:11:124:43":18,"s:125:4:125:Infinity":63,"f:128:11:128:25":19,"b:129:4:130:Infinity:undefined:undefined:undefined:undefined":16,"s:129:4:130:Infinity":64,"s:130:6:130:Infinity":65,"s:132:4:132:Infinity":66,"f:135:17:135:38":20,"s:136:16:136:26":67,"b:137:4:139:Infinity:undefined:undefined:undefined:undefined":17,"s:137:4:139:Infinity":68,"s:138:6:138:Infinity":69,"s:139:6:139:Infinity":70,"b:142:4:145:Infinity:undefined:undefined:undefined:undefined":18,"s:142:4:145:Infinity":71,"s:143:6:143:Infinity":72,"s:144:6:144:Infinity":73,"s:145:6:145:Infinity":74,"s:149:27:151:17":75,"f:149:36:149:43":21,"s:150:4:150:Infinity":76,"f:153:11:153:39":22,"s:154:32:154:Infinity":77,"s:156:4:156:Infinity":78,"b:158:4:162:Infinity:160:11:162:Infinity":19,"s:158:4:162:Infinity":79,"s:159:6:159:Infinity":80,"b:161:6:162:Infinity:undefined:undefined:undefined:undefined":20,"s:161:6:162:Infinity":81,"s:162:8:162:Infinity":82,"f:167:11:167:37":23,"s:168:4:170:Infinity":83,"f:168:26:168:51":24,"s:169:6:169:Infinity":84,"s:171:4:171:Infinity":85,"s:174:2:196:Infinity":86}}}
,"/home/admin/lingxi-assistant/lingxi-desktop/src/views/Home.vue": {"path":"/home/admin/lingxi-assistant/lingxi-desktop/src/views/Home.vue","statementMap":{"0":{"start":{"line":3,"column":4},"end":{"line":3,"column":null}}},"fnMap":{},"branchMap":{},"s":{"0":0},"f":{},"b":{},"meta":{"lastBranch":0,"lastFunction":0,"lastStatement":1,"seen":{"s:3:4:3:Infinity":0}}}
,"/home/admin/lingxi-assistant/lingxi-desktop/src/views/Settings.vue": {"path":"/home/admin/lingxi-assistant/lingxi-desktop/src/views/Settings.vue","statementMap":{"0":{"start":{"line":62,"column":6},"end":{"line":62,"column":null}},"1":{"start":{"line":64,"column":6},"end":{"line":74,"column":null}},"2":{"start":{"line":76,"column":0},"end":{"line":78,"column":null}},"3":{"start":{"line":77,"column":2},"end":{"line":77,"column":null}},"4":{"start":{"line":81,"column":2},"end":{"line":86,"column":null}},"5":{"start":{"line":82,"column":17},"end":{"line":82,"column":null}},"6":{"start":{"line":83,"column":4},"end":{"line":83,"column":null}},"7":{"start":{"line":85,"column":4},"end":{"line":85,"column":null}},"8":{"start":{"line":90,"column":2},"end":{"line":97,"column":null}},"9":{"start":{"line":91,"column":4},"end":{"line":91,"column":null}},"10":{"start":{"line":92,"column":4},"end":{"line":92,"column":null}},"11":{"start":{"line":93,"column":4},"end":{"line":93,"column":null}},"12":{"start":{"line":95,"column":4},"end":{"line":95,"column":null}},"13":{"start":{"line":96,"column":4},"end":{"line":96,"column":null}},"14":{"start":{"line":101,"column":2},"end":{"line":101,"column":null}},"15":{"start":{"line":2,"column":7},"end":{"line":2,"column":null}},"16":{"start":{"line":6,"column":9},"end":{"line":6,"column":null}},"17":{"start":{"line":48,"column":11},"end":{"line":48,"column":null}},"18":{"start":{"line":2,"column":2},"end":{"line":50,"column":68}},"19":{"start":{"line":10,"column":23},"end":{"line":45,"column":82}},"20":{"start":{"line":9,"column":82},"end":{"line":9,"column":82}},"21":{"start":{"line":9,"column":29},"end":{"line":9,"column":44}},"22":{"start":{"line":12,"column":82},"end":{"line":12,"column":82}},"23":{"start":{"line":12,"column":29},"end":{"line":12,"column":43}},"24":{"start":{"line":20,"column":22},"end":{"line":19,"column":63}},"25":{"start":{"line":15,"column":30},"end":{"line":15,"column":44}},"26":{"start":{"line":16,"column":53},"end":{"line":19,"column":63}},"27":{"start":{"line":23,"column":82},"end":{"line":23,"column":82}},"28":{"start":{"line":23,"column":36},"end":{"line":23,"column":55}},"29":{"start":{"line":26,"column":75},"end":{"line":26,"column":75}},"30":{"start":{"line":26,"column":36},"end":{"line":26,"column":53}},"31":{"start":{"line":33,"column":27},"end":{"line":32,"column":48}},"32":{"start":{"line":29,"column":35},"end":{"line":29,"column":null}},"33":{"start":{"line":30,"column":49},"end":{"line":32,"column":48}},"34":{"start":{"line":30,"column":38},"end":{"line":30,"column":49}},"35":{"start":{"line":31,"column":37},"end":{"line":31,"column":48}},"36":{"start":{"line":32,"column":37},"end":{"line":32,"column":48}},"37":{"start":{"line":39,"column":22},"end":{"line":38,"column":55}},"38":{"start":{"line":36,"column":30},"end":{"line":36,"column":47}},"39":{"start":{"line":37,"column":52},"end":{"line":38,"column":55}},"40":{"start":{"line":42,"column":49},"end":{"line":42,"column":49}},"41":{"start":{"line":42,"column":30},"end":{"line":42,"column":49}},"42":{"start":{"line":45,"column":82},"end":{"line":45,"column":82}},"43":{"start":{"line":45,"column":36},"end":{"line":45,"column":62}},"44":{"start":{"line":49,"column":43},"end":{"line":49,"column":55}},"45":{"start":{"line":50,"column":56},"end":{"line":50,"column":68}}},"fnMap":{"0":{"name":"(anonymous_0)","decl":{"start":{"line":76,"column":10},"end":{"line":76,"column":22}},"loc":{"start":{"line":76,"column":22},"end":{"line":78,"column":1}},"line":76},"1":{"name":"loadConfig","decl":{"start":{"line":80,"column":15},"end":{"line":80,"column":28}},"loc":{"start":{"line":80,"column":28},"end":{"line":87,"column":null}},"line":80},"2":{"name":"handleSave","decl":{"start":{"line":89,"column":15},"end":{"line":89,"column":28}},"loc":{"start":{"line":89,"column":28},"end":{"line":98,"column":null}},"line":89},"3":{"name":"handleCancel","decl":{"start":{"line":100,"column":9},"end":{"line":100,"column":24}},"loc":{"start":{"line":100,"column":24},"end":{"line":102,"column":null}},"line":100},"4":{"name":"(anonymous_4)","decl":{"start":{"line":8,"column":8},"end":{"line":8,"column":22}},"loc":{"start":{"line":10,"column":23},"end":{"line":45,"column":82}},"line":10},"5":{"name":"(anonymous_5)","decl":{"start":{"line":9,"column":10},"end":{"line":9,"column":29}},"loc":{"start":{"line":9,"column":82},"end":{"line":9,"column":82}},"line":9},"6":{"name":"(anonymous_6)","decl":{"start":{"line":9,"column":36},"end":{"line":9,"column":42}},"loc":{"start":{"line":9,"column":29},"end":{"line":9,"column":44}},"line":9},"7":{"name":"(anonymous_7)","decl":{"start":{"line":12,"column":10},"end":{"line":12,"column":29}},"loc":{"start":{"line":12,"column":82},"end":{"line":12,"column":82}},"line":12},"8":{"name":"(anonymous_8)","decl":{"start":{"line":12,"column":36},"end":{"line":12,"column":41}},"loc":{"start":{"line":12,"column":29},"end":{"line":12,"column":43}},"line":12},"9":{"name":"(anonymous_9)","decl":{"start":{"line":15,"column":10},"end":{"line":15,"column":30}},"loc":{"start":{"line":20,"column":22},"end":{"line":19,"column":63}},"line":20},"10":{"name":"(anonymous_10)","decl":{"start":{"line":15,"column":37},"end":{"line":15,"column":42}},"loc":{"start":{"line":15,"column":30},"end":{"line":15,"column":44}},"line":15},"11":{"name":"(anonymous_11)","decl":{"start":{"line":16,"column":12},"end":{"line":16,"column":23}},"loc":{"start":{"line":16,"column":53},"end":{"line":19,"column":63}},"line":16},"12":{"name":"(anonymous_12)","decl":{"start":{"line":23,"column":10},"end":{"line":23,"column":36}},"loc":{"start":{"line":23,"column":82},"end":{"line":23,"column":82}},"line":23},"13":{"name":"(anonymous_13)","decl":{"start":{"line":23,"column":43},"end":{"line":23,"column":52}},"loc":{"start":{"line":23,"column":36},"end":{"line":23,"column":55}},"line":23},"14":{"name":"(anonymous_14)","decl":{"start":{"line":26,"column":10},"end":{"line":26,"column":36}},"loc":{"start":{"line":26,"column":75},"end":{"line":26,"column":75}},"line":26},"15":{"name":"(anonymous_15)","decl":{"start":{"line":26,"column":43},"end":{"line":26,"column":50}},"loc":{"start":{"line":26,"column":36},"end":{"line":26,"column":53}},"line":26},"16":{"name":"(anonymous_16)","decl":{"start":{"line":29,"column":10},"end":{"line":29,"column":35}},"loc":{"start":{"line":33,"column":27},"end":{"line":32,"column":48}},"line":33},"17":{"name":"(anonymous_17)","decl":{"start":{"line":29,"column":42},"end":{"line":29,"column":47}},"loc":{"start":{"line":29,"column":35},"end":{"line":29,"column":null}},"line":29},"18":{"name":"(anonymous_18)","decl":{"start":{"line":30,"column":12},"end":{"line":30,"column":22}},"loc":{"start":{"line":30,"column":49},"end":{"line":32,"column":48}},"line":30},"19":{"name":"(anonymous_19)","decl":{"start":{"line":30,"column":36},"end":{"line":30,"column":38}},"loc":{"start":{"line":30,"column":38},"end":{"line":30,"column":49}},"line":30},"20":{"name":"(anonymous_20)","decl":{"start":{"line":31,"column":35},"end":{"line":31,"column":37}},"loc":{"start":{"line":31,"column":37},"end":{"line":31,"column":48}},"line":31},"21":{"name":"(anonymous_21)","decl":{"start":{"line":32,"column":35},"end":{"line":32,"column":37}},"loc":{"start":{"line":32,"column":37},"end":{"line":32,"column":48}},"line":32},"22":{"name":"(anonymous_22)","decl":{"start":{"line":36,"column":10},"end":{"line":36,"column":30}},"loc":{"start":{"line":39,"column":22},"end":{"line":38,"column":55}},"line":39},"23":{"name":"(anonymous_23)","decl":{"start":{"line":36,"column":37},"end":{"line":36,"column":45}},"loc":{"start":{"line":36,"column":30},"end":{"line":36,"column":47}},"line":36},"24":{"name":"(anonymous_24)","decl":{"start":{"line":37,"column":12},"end":{"line":37,"column":23}},"loc":{"start":{"line":37,"column":52},"end":{"line":38,"column":55}},"line":37},"25":{"name":"(anonymous_25)","decl":{"start":{"line":42,"column":10},"end":{"line":42,"column":30}},"loc":{"start":{"line":42,"column":49},"end":{"line":42,"column":49}},"line":42},"26":{"name":"(anonymous_26)","decl":{"start":{"line":42,"column":37},"end":{"line":42,"column":45}},"loc":{"start":{"line":42,"column":30},"end":{"line":42,"column":49}},"line":42},"27":{"name":"(anonymous_27)","decl":{"start":{"line":45,"column":10},"end":{"line":45,"column":36}},"loc":{"start":{"line":45,"column":82},"end":{"line":45,"column":82}},"line":45},"28":{"name":"(anonymous_28)","decl":{"start":{"line":45,"column":43},"end":{"line":45,"column":59}},"loc":{"start":{"line":45,"column":36},"end":{"line":45,"column":62}},"line":45},"29":{"name":"(anonymous_29)","decl":{"start":{"line":49,"column":41},"end":{"line":49,"column":43}},"loc":{"start":{"line":49,"column":43},"end":{"line":49,"column":55}},"line":49},"30":{"name":"(anonymous_30)","decl":{"start":{"line":50,"column":54},"end":{"line":50,"column":56}},"loc":{"start":{"line":50,"column":56},"end":{"line":50,"column":68}},"line":50}},"branchMap":{"0":{"loc":{"start":{"line":53,"column":8},"end":{"line":4,"column":17}},"type":"binary-expr","locations":[{"start":{"line":53,"column":8},"end":{"line":53,"column":null}},{"start":{"line":53,"column":8},"end":{"line":4,"column":17}}],"line":53},"1":{"loc":{"start":{"line":9,"column":36},"end":{"line":9,"column":44}},"type":"binary-expr","locations":[{"start":{"line":9,"column":36},"end":{"line":9,"column":42}},{"start":{"line":9,"column":36},"end":{"line":9,"column":44}}],"line":9},"2":{"loc":{"start":{"line":12,"column":36},"end":{"line":12,"column":43}},"type":"binary-expr","locations":[{"start":{"line":12,"column":36},"end":{"line":12,"column":41}},{"start":{"line":12,"column":36},"end":{"line":12,"column":43}}],"line":12},"3":{"loc":{"start":{"line":15,"column":37},"end":{"line":15,"column":44}},"type":"binary-expr","locations":[{"start":{"line":15,"column":37},"end":{"line":15,"column":42}},{"start":{"line":15,"column":37},"end":{"line":15,"column":44}}],"line":15},"4":{"loc":{"start":{"line":23,"column":43},"end":{"line":23,"column":55}},"type":"binary-expr","locations":[{"start":{"line":23,"column":43},"end":{"line":23,"column":52}},{"start":{"line":23,"column":43},"end":{"line":23,"column":55}}],"line":23},"5":{"loc":{"start":{"line":26,"column":43},"end":{"line":26,"column":53}},"type":"binary-expr","locations":[{"start":{"line":26,"column":43},"end":{"line":26,"column":50}},{"start":{"line":26,"column":43},"end":{"line":26,"column":53}}],"line":26},"6":{"loc":{"start":{"line":29,"column":42},"end":{"line":29,"column":null}},"type":"binary-expr","locations":[{"start":{"line":29,"column":42},"end":{"line":29,"column":47}},{"start":{"line":29,"column":42},"end":{"line":29,"column":null}}],"line":29},"7":{"loc":{"start":{"line":30,"column":38},"end":{"line":30,"column":49}},"type":"binary-expr","locations":[{"start":{"line":30,"column":38},"end":{"line":30,"column":49}},{"start":{"line":30,"column":38},"end":{"line":30,"column":49}}],"line":30},"8":{"loc":{"start":{"line":31,"column":37},"end":{"line":31,"column":48}},"type":"binary-expr","locations":[{"start":{"line":31,"column":37},"end":{"line":31,"column":48}},{"start":{"line":31,"column":37},"end":{"line":31,"column":48}}],"line":31},"9":{"loc":{"start":{"line":32,"column":37},"end":{"line":32,"column":48}},"type":"binary-expr","locations":[{"start":{"line":32,"column":37},"end":{"line":32,"column":48}},{"start":{"line":32,"column":37},"end":{"line":32,"column":48}}],"line":32},"10":{"loc":{"start":{"line":36,"column":37},"end":{"line":36,"column":47}},"type":"binary-expr","locations":[{"start":{"line":36,"column":37},"end":{"line":36,"column":45}},{"start":{"line":36,"column":37},"end":{"line":36,"column":47}}],"line":36},"11":{"loc":{"start":{"line":42,"column":37},"end":{"line":42,"column":49}},"type":"binary-expr","locations":[{"start":{"line":42,"column":37},"end":{"line":42,"column":45}},{"start":{"line":42,"column":37},"end":{"line":42,"column":49}}],"line":42},"12":{"loc":{"start":{"line":45,"column":43},"end":{"line":45,"column":62}},"type":"binary-expr","locations":[{"start":{"line":45,"column":43},"end":{"line":45,"column":59}},{"start":{"line":45,"column":43},"end":{"line":45,"column":62}}],"line":45},"13":{"loc":{"start":{"line":49,"column":43},"end":{"line":49,"column":55}},"type":"binary-expr","locations":[{"start":{"line":49,"column":43},"end":{"line":49,"column":55}},{"start":{"line":49,"column":43},"end":{"line":49,"column":55}}],"line":49},"14":{"loc":{"start":{"line":50,"column":56},"end":{"line":50,"column":68}},"type":"binary-expr","locations":[{"start":{"line":50,"column":56},"end":{"line":50,"column":68}},{"start":{"line":50,"column":56},"end":{"line":50,"column":68}}],"line":50}},"s":{"0":0,"1":0,"2":0,"3":0,"4":0,"5":0,"6":0,"7":0,"8":0,"9":0,"10":0,"11":0,"12":0,"13":0,"14":0,"15":0,"16":0,"17":0,"18":0,"19":0,"20":0,"21":0,"22":0,"23":0,"24":0,"25":0,"26":0,"27":0,"28":0,"29":0,"30":0,"31":0,"32":0,"33":0,"34":0,"35":0,"36":0,"37":0,"38":0,"39":0,"40":0,"41":0,"42":0,"43":0,"44":0,"45":0},"f":{"0":0,"1":0,"2":0,"3":0,"4":0,"5":0,"6":0,"7":0,"8":0,"9":0,"10":0,"11":0,"12":0,"13":0,"14":0,"15":0,"16":0,"17":0,"18":0,"19":0,"20":0,"21":0,"22":0,"23":0,"24":0,"25":0,"26":0,"27":0,"28":0,"29":0,"30":0},"b":{"0":[0,0],"1":[0,0],"2":[0,0],"3":[0,0],"4":[0,0],"5":[0,0],"6":[0,0],"7":[0,0],"8":[0,0],"9":[0,0],"10":[0,0],"11":[0,0],"12":[0,0],"13":[0,0],"14":[0,0]},"meta":{"lastBranch":15,"lastFunction":31,"lastStatement":46,"seen":{"s:62:6:62:Infinity":0,"s:64:6:74:Infinity":1,"s:76:0:78:Infinity":2,"f:76:10:76:22":0,"s:77:2:77:Infinity":3,"f:80:15:80:28":1,"s:81:2:86:Infinity":4,"s:82:17:82:Infinity":5,"s:83:4:83:Infinity":6,"s:85:4:85:Infinity":7,"f:89:15:89:28":2,"s:90:2:97:Infinity":8,"s:91:4:91:Infinity":9,"s:92:4:92:Infinity":10,"s:93:4:93:Infinity":11,"s:95:4:95:Infinity":12,"s:96:4:96:Infinity":13,"f:100:9:100:24":3,"s:101:2:101:Infinity":14,"s:2:7:2:Infinity":15,"s:6:9:6:Infinity":16,"s:48:11:48:Infinity":17,"s:2:2:50:68":18,"b:53:8:53:Infinity:53:8:4:17":0,"f:8:8:8:22":4,"s:10:23:45:82":19,"f:9:10:9:29":5,"s:9:82:9:82":20,"b:9:36:9:42:9:36:9:44":1,"f:9:36:9:42":6,"s:9:29:9:44":21,"f:12:10:12:29":7,"s:12:82:12:82":22,"b:12:36:12:41:12:36:12:43":2,"f:12:36:12:41":8,"s:12:29:12:43":23,"f:15:10:15:30":9,"s:20:22:19:63":24,"b:15:37:15:42:15:37:15:44":3,"f:15:37:15:42":10,"s:15:30:15:44":25,"f:16:12:16:23":11,"s:16:53:19:63":26,"f:23:10:23:36":12,"s:23:82:23:82":27,"b:23:43:23:52:23:43:23:55":4,"f:23:43:23:52":13,"s:23:36:23:55":28,"f:26:10:26:36":14,"s:26:75:26:75":29,"b:26:43:26:50:26:43:26:53":5,"f:26:43:26:50":15,"s:26:36:26:53":30,"f:29:10:29:35":16,"s:33:27:32:48":31,"b:29:42:29:47:29:42:29:Infinity":6,"f:29:42:29:47":17,"s:29:35:29:Infinity":32,"f:30:12:30:22":18,"s:30:49:32:48":33,"f:30:36:30:38":19,"s:30:38:30:49":34,"b:30:38:30:49:30:38:30:49":7,"f:31:35:31:37":20,"s:31:37:31:48":35,"b:31:37:31:48:31:37:31:48":8,"f:32:35:32:37":21,"s:32:37:32:48":36,"b:32:37:32:48:32:37:32:48":9,"f:36:10:36:30":22,"s:39:22:38:55":37,"b:36:37:36:45:36:37:36:47":10,"f:36:37:36:45":23,"s:36:30:36:47":38,"f:37:12:37:23":24,"s:37:52:38:55":39,"f:42:10:42:30":25,"s:42:49:42:49":40,"b:42:37:42:45:42:37:42:49":11,"f:42:37:42:45":26,"s:42:30:42:49":41,"f:45:10:45:36":27,"s:45:82:45:82":42,"b:45:43:45:59:45:43:45:62":12,"f:45:43:45:59":28,"s:45:36:45:62":43,"f:49:41:49:43":29,"s:49:43:49:55":44,"b:49:43:49:55:49:43:49:55":13,"f:50:54:50:56":30,"s:50:56:50:68":45,"b:50:56:50:68:50:56:50:68":14}}}
}
